[2026-05-22T00:07:09.928+0000] {processor.py:161} INFO - Started process (PID=182) to work on /opt/airflow/dags/etl_pipeline.py
[2026-05-22T00:07:09.934+0000] {processor.py:830} INFO - Processing file /opt/airflow/dags/etl_pipeline.py for tasks to queue
[2026-05-22T00:07:09.952+0000] {logging_mixin.py:188} INFO - [2026-05-22T00:07:09.950+0000] {dagbag.py:545} INFO - Filling up the DagBag from /opt/airflow/dags/etl_pipeline.py
[2026-05-22T00:07:10.119+0000] {processor.py:840} INFO - DAG(s) 'etl_consolidation_pipeline' retrieved from /opt/airflow/dags/etl_pipeline.py
[2026-05-22T00:07:11.329+0000] {logging_mixin.py:188} INFO - [2026-05-22T00:07:11.329+0000] {dag.py:3096} INFO - Sync 1 DAGs
[2026-05-22T00:07:11.438+0000] {logging_mixin.py:188} INFO - [2026-05-22T00:07:11.437+0000] {dag.py:3954} INFO - Setting next_dagrun for etl_consolidation_pipeline to 2026-05-20 06:00:00+00:00, run_after=2026-05-21 06:00:00+00:00
[2026-05-22T00:07:11.519+0000] {processor.py:183} INFO - Processing /opt/airflow/dags/etl_pipeline.py took 1.630 seconds
[2026-05-22T00:07:41.899+0000] {processor.py:161} INFO - Started process (PID=187) to work on /opt/airflow/dags/etl_pipeline.py
[2026-05-22T00:07:41.902+0000] {processor.py:830} INFO - Processing file /opt/airflow/dags/etl_pipeline.py for tasks to queue
[2026-05-22T00:07:41.906+0000] {logging_mixin.py:188} INFO - [2026-05-22T00:07:41.905+0000] {dagbag.py:545} INFO - Filling up the DagBag from /opt/airflow/dags/etl_pipeline.py
[2026-05-22T00:07:41.960+0000] {processor.py:840} INFO - DAG(s) 'etl_consolidation_pipeline' retrieved from /opt/airflow/dags/etl_pipeline.py
[2026-05-22T00:07:42.026+0000] {logging_mixin.py:188} INFO - [2026-05-22T00:07:42.025+0000] {dag.py:3096} INFO - Sync 1 DAGs
[2026-05-22T00:07:42.077+0000] {logging_mixin.py:188} INFO - [2026-05-22T00:07:42.076+0000] {dag.py:3954} INFO - Setting next_dagrun for etl_consolidation_pipeline to 2026-05-20 06:00:00+00:00, run_after=2026-05-21 06:00:00+00:00
[2026-05-22T00:07:42.124+0000] {processor.py:183} INFO - Processing /opt/airflow/dags/etl_pipeline.py took 0.237 seconds
[2026-05-22T00:08:12.278+0000] {processor.py:161} INFO - Started process (PID=192) to work on /opt/airflow/dags/etl_pipeline.py
[2026-05-22T00:08:12.281+0000] {processor.py:830} INFO - Processing file /opt/airflow/dags/etl_pipeline.py for tasks to queue
[2026-05-22T00:08:12.284+0000] {logging_mixin.py:188} INFO - [2026-05-22T00:08:12.284+0000] {dagbag.py:545} INFO - Filling up the DagBag from /opt/airflow/dags/etl_pipeline.py
[2026-05-22T00:08:12.332+0000] {processor.py:840} INFO - DAG(s) 'etl_consolidation_pipeline' retrieved from /opt/airflow/dags/etl_pipeline.py
[2026-05-22T00:08:12.400+0000] {logging_mixin.py:188} INFO - [2026-05-22T00:08:12.399+0000] {dag.py:3096} INFO - Sync 1 DAGs
[2026-05-22T00:08:12.444+0000] {logging_mixin.py:188} INFO - [2026-05-22T00:08:12.443+0000] {dag.py:3954} INFO - Setting next_dagrun for etl_consolidation_pipeline to 2026-05-20 06:00:00+00:00, run_after=2026-05-21 06:00:00+00:00
[2026-05-22T00:08:12.524+0000] {processor.py:183} INFO - Processing /opt/airflow/dags/etl_pipeline.py took 0.259 seconds
[2026-05-22T00:08:42.704+0000] {processor.py:161} INFO - Started process (PID=197) to work on /opt/airflow/dags/etl_pipeline.py
[2026-05-22T00:08:42.707+0000] {processor.py:830} INFO - Processing file /opt/airflow/dags/etl_pipeline.py for tasks to queue
[2026-05-22T00:08:42.711+0000] {logging_mixin.py:188} INFO - [2026-05-22T00:08:42.710+0000] {dagbag.py:545} INFO - Filling up the DagBag from /opt/airflow/dags/etl_pipeline.py
[2026-05-22T00:08:42.750+0000] {processor.py:840} INFO - DAG(s) 'etl_consolidation_pipeline' retrieved from /opt/airflow/dags/etl_pipeline.py
[2026-05-22T00:08:42.820+0000] {logging_mixin.py:188} INFO - [2026-05-22T00:08:42.819+0000] {dag.py:3096} INFO - Sync 1 DAGs
[2026-05-22T00:08:42.881+0000] {logging_mixin.py:188} INFO - [2026-05-22T00:08:42.881+0000] {dag.py:3954} INFO - Setting next_dagrun for etl_consolidation_pipeline to 2026-05-20 06:00:00+00:00, run_after=2026-05-21 06:00:00+00:00
[2026-05-22T00:08:42.936+0000] {processor.py:183} INFO - Processing /opt/airflow/dags/etl_pipeline.py took 0.243 seconds
[2026-05-22T00:09:13.118+0000] {processor.py:161} INFO - Started process (PID=202) to work on /opt/airflow/dags/etl_pipeline.py
[2026-05-22T00:09:13.121+0000] {processor.py:830} INFO - Processing file /opt/airflow/dags/etl_pipeline.py for tasks to queue
[2026-05-22T00:09:13.128+0000] {logging_mixin.py:188} INFO - [2026-05-22T00:09:13.126+0000] {dagbag.py:545} INFO - Filling up the DagBag from /opt/airflow/dags/etl_pipeline.py
[2026-05-22T00:09:13.222+0000] {processor.py:840} INFO - DAG(s) 'etl_consolidation_pipeline' retrieved from /opt/airflow/dags/etl_pipeline.py
[2026-05-22T00:09:13.321+0000] {logging_mixin.py:188} INFO - [2026-05-22T00:09:13.321+0000] {dag.py:3096} INFO - Sync 1 DAGs
[2026-05-22T00:09:13.381+0000] {logging_mixin.py:188} INFO - [2026-05-22T00:09:13.380+0000] {dag.py:3954} INFO - Setting next_dagrun for etl_consolidation_pipeline to 2026-05-20 06:00:00+00:00, run_after=2026-05-21 06:00:00+00:00
[2026-05-22T00:09:13.423+0000] {processor.py:183} INFO - Processing /opt/airflow/dags/etl_pipeline.py took 0.330 seconds
[2026-05-22T00:09:43.698+0000] {processor.py:161} INFO - Started process (PID=207) to work on /opt/airflow/dags/etl_pipeline.py
[2026-05-22T00:09:43.700+0000] {processor.py:830} INFO - Processing file /opt/airflow/dags/etl_pipeline.py for tasks to queue
[2026-05-22T00:09:43.704+0000] {logging_mixin.py:188} INFO - [2026-05-22T00:09:43.704+0000] {dagbag.py:545} INFO - Filling up the DagBag from /opt/airflow/dags/etl_pipeline.py
[2026-05-22T00:09:43.746+0000] {processor.py:840} INFO - DAG(s) 'etl_consolidation_pipeline' retrieved from /opt/airflow/dags/etl_pipeline.py
[2026-05-22T00:09:43.812+0000] {logging_mixin.py:188} INFO - [2026-05-22T00:09:43.812+0000] {dag.py:3096} INFO - Sync 1 DAGs
[2026-05-22T00:09:43.865+0000] {logging_mixin.py:188} INFO - [2026-05-22T00:09:43.864+0000] {dag.py:3954} INFO - Setting next_dagrun for etl_consolidation_pipeline to 2026-05-20 06:00:00+00:00, run_after=2026-05-21 06:00:00+00:00
[2026-05-22T00:09:43.909+0000] {processor.py:183} INFO - Processing /opt/airflow/dags/etl_pipeline.py took 0.222 seconds
[2026-05-22T00:10:14.208+0000] {processor.py:161} INFO - Started process (PID=212) to work on /opt/airflow/dags/etl_pipeline.py
[2026-05-22T00:10:14.210+0000] {processor.py:830} INFO - Processing file /opt/airflow/dags/etl_pipeline.py for tasks to queue
[2026-05-22T00:10:14.213+0000] {logging_mixin.py:188} INFO - [2026-05-22T00:10:14.212+0000] {dagbag.py:545} INFO - Filling up the DagBag from /opt/airflow/dags/etl_pipeline.py
[2026-05-22T00:10:14.260+0000] {processor.py:840} INFO - DAG(s) 'etl_consolidation_pipeline' retrieved from /opt/airflow/dags/etl_pipeline.py
[2026-05-22T00:10:14.327+0000] {logging_mixin.py:188} INFO - [2026-05-22T00:10:14.327+0000] {dag.py:3096} INFO - Sync 1 DAGs
[2026-05-22T00:10:14.375+0000] {logging_mixin.py:188} INFO - [2026-05-22T00:10:14.375+0000] {dag.py:3954} INFO - Setting next_dagrun for etl_consolidation_pipeline to 2026-05-20 06:00:00+00:00, run_after=2026-05-21 06:00:00+00:00
[2026-05-22T00:10:14.412+0000] {processor.py:183} INFO - Processing /opt/airflow/dags/etl_pipeline.py took 0.214 seconds
[2026-05-22T00:10:44.695+0000] {processor.py:161} INFO - Started process (PID=217) to work on /opt/airflow/dags/etl_pipeline.py
[2026-05-22T00:10:44.697+0000] {processor.py:830} INFO - Processing file /opt/airflow/dags/etl_pipeline.py for tasks to queue
[2026-05-22T00:10:44.700+0000] {logging_mixin.py:188} INFO - [2026-05-22T00:10:44.700+0000] {dagbag.py:545} INFO - Filling up the DagBag from /opt/airflow/dags/etl_pipeline.py
[2026-05-22T00:10:44.743+0000] {processor.py:840} INFO - DAG(s) 'etl_consolidation_pipeline' retrieved from /opt/airflow/dags/etl_pipeline.py
[2026-05-22T00:10:44.795+0000] {logging_mixin.py:188} INFO - [2026-05-22T00:10:44.795+0000] {dag.py:3096} INFO - Sync 1 DAGs
[2026-05-22T00:10:44.835+0000] {logging_mixin.py:188} INFO - [2026-05-22T00:10:44.834+0000] {dag.py:3954} INFO - Setting next_dagrun for etl_consolidation_pipeline to 2026-05-20 06:00:00+00:00, run_after=2026-05-21 06:00:00+00:00
[2026-05-22T00:10:44.874+0000] {processor.py:183} INFO - Processing /opt/airflow/dags/etl_pipeline.py took 0.189 seconds
[2026-05-22T00:11:15.160+0000] {processor.py:161} INFO - Started process (PID=222) to work on /opt/airflow/dags/etl_pipeline.py
[2026-05-22T00:11:15.164+0000] {processor.py:830} INFO - Processing file /opt/airflow/dags/etl_pipeline.py for tasks to queue
[2026-05-22T00:11:15.169+0000] {logging_mixin.py:188} INFO - [2026-05-22T00:11:15.168+0000] {dagbag.py:545} INFO - Filling up the DagBag from /opt/airflow/dags/etl_pipeline.py
[2026-05-22T00:11:15.216+0000] {processor.py:840} INFO - DAG(s) 'etl_consolidation_pipeline' retrieved from /opt/airflow/dags/etl_pipeline.py
[2026-05-22T00:11:15.271+0000] {logging_mixin.py:188} INFO - [2026-05-22T00:11:15.270+0000] {dag.py:3096} INFO - Sync 1 DAGs
[2026-05-22T00:11:15.310+0000] {logging_mixin.py:188} INFO - [2026-05-22T00:11:15.309+0000] {dag.py:3954} INFO - Setting next_dagrun for etl_consolidation_pipeline to 2026-05-20 06:00:00+00:00, run_after=2026-05-21 06:00:00+00:00
[2026-05-22T00:11:15.351+0000] {processor.py:183} INFO - Processing /opt/airflow/dags/etl_pipeline.py took 0.203 seconds
[2026-05-22T00:11:46.325+0000] {processor.py:161} INFO - Started process (PID=227) to work on /opt/airflow/dags/etl_pipeline.py
[2026-05-22T00:11:46.339+0000] {processor.py:830} INFO - Processing file /opt/airflow/dags/etl_pipeline.py for tasks to queue
[2026-05-22T00:11:46.355+0000] {logging_mixin.py:188} INFO - [2026-05-22T00:11:46.345+0000] {dagbag.py:545} INFO - Filling up the DagBag from /opt/airflow/dags/etl_pipeline.py
[2026-05-22T00:11:46.513+0000] {processor.py:840} INFO - DAG(s) 'etl_consolidation_pipeline' retrieved from /opt/airflow/dags/etl_pipeline.py
[2026-05-22T00:11:46.780+0000] {logging_mixin.py:188} INFO - [2026-05-22T00:11:46.779+0000] {dag.py:3096} INFO - Sync 1 DAGs
[2026-05-22T00:11:46.922+0000] {logging_mixin.py:188} INFO - [2026-05-22T00:11:46.921+0000] {dag.py:3954} INFO - Setting next_dagrun for etl_consolidation_pipeline to 2026-05-20 06:00:00+00:00, run_after=2026-05-21 06:00:00+00:00
[2026-05-22T00:11:47.024+0000] {processor.py:183} INFO - Processing /opt/airflow/dags/etl_pipeline.py took 0.753 seconds
[2026-05-22T00:12:17.881+0000] {processor.py:161} INFO - Started process (PID=232) to work on /opt/airflow/dags/etl_pipeline.py
[2026-05-22T00:12:17.885+0000] {processor.py:830} INFO - Processing file /opt/airflow/dags/etl_pipeline.py for tasks to queue
[2026-05-22T00:12:17.891+0000] {logging_mixin.py:188} INFO - [2026-05-22T00:12:17.890+0000] {dagbag.py:545} INFO - Filling up the DagBag from /opt/airflow/dags/etl_pipeline.py
[2026-05-22T00:12:17.960+0000] {processor.py:840} INFO - DAG(s) 'etl_consolidation_pipeline' retrieved from /opt/airflow/dags/etl_pipeline.py
[2026-05-22T00:12:18.083+0000] {logging_mixin.py:188} INFO - [2026-05-22T00:12:18.082+0000] {dag.py:3096} INFO - Sync 1 DAGs
[2026-05-22T00:12:18.200+0000] {logging_mixin.py:188} INFO - [2026-05-22T00:12:18.199+0000] {dag.py:3954} INFO - Setting next_dagrun for etl_consolidation_pipeline to 2026-05-20 06:00:00+00:00, run_after=2026-05-21 06:00:00+00:00
[2026-05-22T00:12:18.290+0000] {processor.py:183} INFO - Processing /opt/airflow/dags/etl_pipeline.py took 0.427 seconds
[2026-05-22T00:12:49.066+0000] {processor.py:161} INFO - Started process (PID=237) to work on /opt/airflow/dags/etl_pipeline.py
[2026-05-22T00:12:49.072+0000] {processor.py:830} INFO - Processing file /opt/airflow/dags/etl_pipeline.py for tasks to queue
[2026-05-22T00:12:49.080+0000] {logging_mixin.py:188} INFO - [2026-05-22T00:12:49.078+0000] {dagbag.py:545} INFO - Filling up the DagBag from /opt/airflow/dags/etl_pipeline.py
[2026-05-22T00:12:49.210+0000] {processor.py:840} INFO - DAG(s) 'etl_consolidation_pipeline' retrieved from /opt/airflow/dags/etl_pipeline.py
[2026-05-22T00:12:49.373+0000] {logging_mixin.py:188} INFO - [2026-05-22T00:12:49.372+0000] {dag.py:3096} INFO - Sync 1 DAGs
[2026-05-22T00:12:49.473+0000] {logging_mixin.py:188} INFO - [2026-05-22T00:12:49.472+0000] {dag.py:3954} INFO - Setting next_dagrun for etl_consolidation_pipeline to 2026-05-20 06:00:00+00:00, run_after=2026-05-21 06:00:00+00:00
[2026-05-22T00:12:49.579+0000] {processor.py:183} INFO - Processing /opt/airflow/dags/etl_pipeline.py took 0.533 seconds
[2026-05-22T00:13:20.020+0000] {processor.py:161} INFO - Started process (PID=242) to work on /opt/airflow/dags/etl_pipeline.py
[2026-05-22T00:13:20.023+0000] {processor.py:830} INFO - Processing file /opt/airflow/dags/etl_pipeline.py for tasks to queue
[2026-05-22T00:13:20.028+0000] {logging_mixin.py:188} INFO - [2026-05-22T00:13:20.027+0000] {dagbag.py:545} INFO - Filling up the DagBag from /opt/airflow/dags/etl_pipeline.py
[2026-05-22T00:13:20.082+0000] {processor.py:840} INFO - DAG(s) 'etl_consolidation_pipeline' retrieved from /opt/airflow/dags/etl_pipeline.py
[2026-05-22T00:13:20.157+0000] {logging_mixin.py:188} INFO - [2026-05-22T00:13:20.156+0000] {dag.py:3096} INFO - Sync 1 DAGs
[2026-05-22T00:13:20.226+0000] {logging_mixin.py:188} INFO - [2026-05-22T00:13:20.225+0000] {dag.py:3954} INFO - Setting next_dagrun for etl_consolidation_pipeline to 2026-05-20 06:00:00+00:00, run_after=2026-05-21 06:00:00+00:00
[2026-05-22T00:13:20.319+0000] {processor.py:183} INFO - Processing /opt/airflow/dags/etl_pipeline.py took 0.316 seconds
[2026-05-22T00:13:50.761+0000] {processor.py:161} INFO - Started process (PID=247) to work on /opt/airflow/dags/etl_pipeline.py
[2026-05-22T00:13:50.763+0000] {processor.py:830} INFO - Processing file /opt/airflow/dags/etl_pipeline.py for tasks to queue
[2026-05-22T00:13:50.766+0000] {logging_mixin.py:188} INFO - [2026-05-22T00:13:50.766+0000] {dagbag.py:545} INFO - Filling up the DagBag from /opt/airflow/dags/etl_pipeline.py
[2026-05-22T00:13:50.807+0000] {processor.py:840} INFO - DAG(s) 'etl_consolidation_pipeline' retrieved from /opt/airflow/dags/etl_pipeline.py
[2026-05-22T00:13:50.863+0000] {logging_mixin.py:188} INFO - [2026-05-22T00:13:50.863+0000] {dag.py:3096} INFO - Sync 1 DAGs
[2026-05-22T00:13:50.911+0000] {logging_mixin.py:188} INFO - [2026-05-22T00:13:50.911+0000] {dag.py:3954} INFO - Setting next_dagrun for etl_consolidation_pipeline to 2026-05-20 06:00:00+00:00, run_after=2026-05-21 06:00:00+00:00
[2026-05-22T00:13:50.953+0000] {processor.py:183} INFO - Processing /opt/airflow/dags/etl_pipeline.py took 0.205 seconds
[2026-05-22T00:14:21.101+0000] {processor.py:161} INFO - Started process (PID=252) to work on /opt/airflow/dags/etl_pipeline.py
[2026-05-22T00:14:21.103+0000] {processor.py:830} INFO - Processing file /opt/airflow/dags/etl_pipeline.py for tasks to queue
[2026-05-22T00:14:21.107+0000] {logging_mixin.py:188} INFO - [2026-05-22T00:14:21.107+0000] {dagbag.py:545} INFO - Filling up the DagBag from /opt/airflow/dags/etl_pipeline.py
[2026-05-22T00:14:21.145+0000] {processor.py:840} INFO - DAG(s) 'etl_consolidation_pipeline' retrieved from /opt/airflow/dags/etl_pipeline.py
[2026-05-22T00:14:21.199+0000] {logging_mixin.py:188} INFO - [2026-05-22T00:14:21.198+0000] {dag.py:3096} INFO - Sync 1 DAGs
[2026-05-22T00:14:21.245+0000] {logging_mixin.py:188} INFO - [2026-05-22T00:14:21.244+0000] {dag.py:3954} INFO - Setting next_dagrun for etl_consolidation_pipeline to 2026-05-20 06:00:00+00:00, run_after=2026-05-21 06:00:00+00:00
[2026-05-22T00:14:21.283+0000] {processor.py:183} INFO - Processing /opt/airflow/dags/etl_pipeline.py took 0.193 seconds
[2026-05-22T00:14:51.565+0000] {processor.py:161} INFO - Started process (PID=257) to work on /opt/airflow/dags/etl_pipeline.py
[2026-05-22T00:14:51.569+0000] {processor.py:830} INFO - Processing file /opt/airflow/dags/etl_pipeline.py for tasks to queue
[2026-05-22T00:14:51.575+0000] {logging_mixin.py:188} INFO - [2026-05-22T00:14:51.574+0000] {dagbag.py:545} INFO - Filling up the DagBag from /opt/airflow/dags/etl_pipeline.py
[2026-05-22T00:14:51.625+0000] {processor.py:840} INFO - DAG(s) 'etl_consolidation_pipeline' retrieved from /opt/airflow/dags/etl_pipeline.py
[2026-05-22T00:14:51.710+0000] {logging_mixin.py:188} INFO - [2026-05-22T00:14:51.709+0000] {dag.py:3096} INFO - Sync 1 DAGs
[2026-05-22T00:14:51.774+0000] {logging_mixin.py:188} INFO - [2026-05-22T00:14:51.773+0000] {dag.py:3954} INFO - Setting next_dagrun for etl_consolidation_pipeline to 2026-05-20 06:00:00+00:00, run_after=2026-05-21 06:00:00+00:00
[2026-05-22T00:14:51.870+0000] {processor.py:183} INFO - Processing /opt/airflow/dags/etl_pipeline.py took 0.323 seconds
[2026-05-22T00:15:22.219+0000] {processor.py:161} INFO - Started process (PID=262) to work on /opt/airflow/dags/etl_pipeline.py
[2026-05-22T00:15:22.221+0000] {processor.py:830} INFO - Processing file /opt/airflow/dags/etl_pipeline.py for tasks to queue
[2026-05-22T00:15:22.225+0000] {logging_mixin.py:188} INFO - [2026-05-22T00:15:22.224+0000] {dagbag.py:545} INFO - Filling up the DagBag from /opt/airflow/dags/etl_pipeline.py
[2026-05-22T00:15:22.262+0000] {processor.py:840} INFO - DAG(s) 'etl_consolidation_pipeline' retrieved from /opt/airflow/dags/etl_pipeline.py
[2026-05-22T00:15:22.317+0000] {logging_mixin.py:188} INFO - [2026-05-22T00:15:22.317+0000] {dag.py:3096} INFO - Sync 1 DAGs
[2026-05-22T00:15:22.364+0000] {logging_mixin.py:188} INFO - [2026-05-22T00:15:22.364+0000] {dag.py:3954} INFO - Setting next_dagrun for etl_consolidation_pipeline to 2026-05-20 06:00:00+00:00, run_after=2026-05-21 06:00:00+00:00
[2026-05-22T00:15:22.402+0000] {processor.py:183} INFO - Processing /opt/airflow/dags/etl_pipeline.py took 0.193 seconds
[2026-05-22T00:15:52.748+0000] {processor.py:161} INFO - Started process (PID=267) to work on /opt/airflow/dags/etl_pipeline.py
[2026-05-22T00:15:52.751+0000] {processor.py:830} INFO - Processing file /opt/airflow/dags/etl_pipeline.py for tasks to queue
[2026-05-22T00:15:52.756+0000] {logging_mixin.py:188} INFO - [2026-05-22T00:15:52.755+0000] {dagbag.py:545} INFO - Filling up the DagBag from /opt/airflow/dags/etl_pipeline.py
[2026-05-22T00:15:52.802+0000] {processor.py:840} INFO - DAG(s) 'etl_consolidation_pipeline' retrieved from /opt/airflow/dags/etl_pipeline.py
[2026-05-22T00:15:52.861+0000] {logging_mixin.py:188} INFO - [2026-05-22T00:15:52.861+0000] {dag.py:3096} INFO - Sync 1 DAGs
[2026-05-22T00:15:52.915+0000] {logging_mixin.py:188} INFO - [2026-05-22T00:15:52.914+0000] {dag.py:3954} INFO - Setting next_dagrun for etl_consolidation_pipeline to 2026-05-20 06:00:00+00:00, run_after=2026-05-21 06:00:00+00:00
[2026-05-22T00:15:52.960+0000] {processor.py:183} INFO - Processing /opt/airflow/dags/etl_pipeline.py took 0.227 seconds
[2026-05-22T00:16:23.245+0000] {processor.py:161} INFO - Started process (PID=272) to work on /opt/airflow/dags/etl_pipeline.py
[2026-05-22T00:16:23.248+0000] {processor.py:830} INFO - Processing file /opt/airflow/dags/etl_pipeline.py for tasks to queue
[2026-05-22T00:16:23.251+0000] {logging_mixin.py:188} INFO - [2026-05-22T00:16:23.251+0000] {dagbag.py:545} INFO - Filling up the DagBag from /opt/airflow/dags/etl_pipeline.py
[2026-05-22T00:16:23.292+0000] {processor.py:840} INFO - DAG(s) 'etl_consolidation_pipeline' retrieved from /opt/airflow/dags/etl_pipeline.py
[2026-05-22T00:16:23.343+0000] {logging_mixin.py:188} INFO - [2026-05-22T00:16:23.343+0000] {dag.py:3096} INFO - Sync 1 DAGs
[2026-05-22T00:16:23.379+0000] {logging_mixin.py:188} INFO - [2026-05-22T00:16:23.379+0000] {dag.py:3954} INFO - Setting next_dagrun for etl_consolidation_pipeline to 2026-05-20 06:00:00+00:00, run_after=2026-05-21 06:00:00+00:00
[2026-05-22T00:16:23.419+0000] {processor.py:183} INFO - Processing /opt/airflow/dags/etl_pipeline.py took 0.183 seconds
[2026-05-22T00:16:53.700+0000] {processor.py:161} INFO - Started process (PID=277) to work on /opt/airflow/dags/etl_pipeline.py
[2026-05-22T00:16:53.702+0000] {processor.py:830} INFO - Processing file /opt/airflow/dags/etl_pipeline.py for tasks to queue
[2026-05-22T00:16:53.705+0000] {logging_mixin.py:188} INFO - [2026-05-22T00:16:53.705+0000] {dagbag.py:545} INFO - Filling up the DagBag from /opt/airflow/dags/etl_pipeline.py
[2026-05-22T00:16:53.743+0000] {processor.py:840} INFO - DAG(s) 'etl_consolidation_pipeline' retrieved from /opt/airflow/dags/etl_pipeline.py
[2026-05-22T00:16:53.794+0000] {logging_mixin.py:188} INFO - [2026-05-22T00:16:53.794+0000] {dag.py:3096} INFO - Sync 1 DAGs
[2026-05-22T00:16:53.836+0000] {logging_mixin.py:188} INFO - [2026-05-22T00:16:53.836+0000] {dag.py:3954} INFO - Setting next_dagrun for etl_consolidation_pipeline to 2026-05-20 06:00:00+00:00, run_after=2026-05-21 06:00:00+00:00
[2026-05-22T00:16:53.875+0000] {processor.py:183} INFO - Processing /opt/airflow/dags/etl_pipeline.py took 0.184 seconds
[2026-05-22T00:17:24.008+0000] {processor.py:161} INFO - Started process (PID=282) to work on /opt/airflow/dags/etl_pipeline.py
[2026-05-22T00:17:24.010+0000] {processor.py:830} INFO - Processing file /opt/airflow/dags/etl_pipeline.py for tasks to queue
[2026-05-22T00:17:24.013+0000] {logging_mixin.py:188} INFO - [2026-05-22T00:17:24.013+0000] {dagbag.py:545} INFO - Filling up the DagBag from /opt/airflow/dags/etl_pipeline.py
[2026-05-22T00:17:24.051+0000] {processor.py:840} INFO - DAG(s) 'etl_consolidation_pipeline' retrieved from /opt/airflow/dags/etl_pipeline.py
[2026-05-22T00:17:24.101+0000] {logging_mixin.py:188} INFO - [2026-05-22T00:17:24.101+0000] {dag.py:3096} INFO - Sync 1 DAGs
[2026-05-22T00:17:24.138+0000] {logging_mixin.py:188} INFO - [2026-05-22T00:17:24.138+0000] {dag.py:3954} INFO - Setting next_dagrun for etl_consolidation_pipeline to 2026-05-20 06:00:00+00:00, run_after=2026-05-21 06:00:00+00:00
[2026-05-22T00:17:24.174+0000] {processor.py:183} INFO - Processing /opt/airflow/dags/etl_pipeline.py took 0.177 seconds
[2026-05-22T00:17:54.366+0000] {processor.py:161} INFO - Started process (PID=287) to work on /opt/airflow/dags/etl_pipeline.py
[2026-05-22T00:17:54.368+0000] {processor.py:830} INFO - Processing file /opt/airflow/dags/etl_pipeline.py for tasks to queue
[2026-05-22T00:17:54.372+0000] {logging_mixin.py:188} INFO - [2026-05-22T00:17:54.371+0000] {dagbag.py:545} INFO - Filling up the DagBag from /opt/airflow/dags/etl_pipeline.py
[2026-05-22T00:17:54.414+0000] {processor.py:840} INFO - DAG(s) 'etl_consolidation_pipeline' retrieved from /opt/airflow/dags/etl_pipeline.py
[2026-05-22T00:17:54.462+0000] {logging_mixin.py:188} INFO - [2026-05-22T00:17:54.462+0000] {dag.py:3096} INFO - Sync 1 DAGs
[2026-05-22T00:17:54.499+0000] {logging_mixin.py:188} INFO - [2026-05-22T00:17:54.499+0000] {dag.py:3954} INFO - Setting next_dagrun for etl_consolidation_pipeline to 2026-05-20 06:00:00+00:00, run_after=2026-05-21 06:00:00+00:00
[2026-05-22T00:17:54.540+0000] {processor.py:183} INFO - Processing /opt/airflow/dags/etl_pipeline.py took 0.184 seconds
[2026-05-22T00:18:24.664+0000] {processor.py:161} INFO - Started process (PID=292) to work on /opt/airflow/dags/etl_pipeline.py
[2026-05-22T00:18:24.666+0000] {processor.py:830} INFO - Processing file /opt/airflow/dags/etl_pipeline.py for tasks to queue
[2026-05-22T00:18:24.669+0000] {logging_mixin.py:188} INFO - [2026-05-22T00:18:24.668+0000] {dagbag.py:545} INFO - Filling up the DagBag from /opt/airflow/dags/etl_pipeline.py
[2026-05-22T00:18:24.707+0000] {processor.py:840} INFO - DAG(s) 'etl_consolidation_pipeline' retrieved from /opt/airflow/dags/etl_pipeline.py
[2026-05-22T00:18:24.758+0000] {logging_mixin.py:188} INFO - [2026-05-22T00:18:24.758+0000] {dag.py:3096} INFO - Sync 1 DAGs
[2026-05-22T00:18:24.795+0000] {logging_mixin.py:188} INFO - [2026-05-22T00:18:24.795+0000] {dag.py:3954} INFO - Setting next_dagrun for etl_consolidation_pipeline to 2026-05-20 06:00:00+00:00, run_after=2026-05-21 06:00:00+00:00
[2026-05-22T00:18:24.832+0000] {processor.py:183} INFO - Processing /opt/airflow/dags/etl_pipeline.py took 0.178 seconds
[2026-05-22T00:18:55.081+0000] {processor.py:161} INFO - Started process (PID=297) to work on /opt/airflow/dags/etl_pipeline.py
[2026-05-22T00:18:55.083+0000] {processor.py:830} INFO - Processing file /opt/airflow/dags/etl_pipeline.py for tasks to queue
[2026-05-22T00:18:55.086+0000] {logging_mixin.py:188} INFO - [2026-05-22T00:18:55.086+0000] {dagbag.py:545} INFO - Filling up the DagBag from /opt/airflow/dags/etl_pipeline.py
[2026-05-22T00:18:55.125+0000] {processor.py:840} INFO - DAG(s) 'etl_consolidation_pipeline' retrieved from /opt/airflow/dags/etl_pipeline.py
[2026-05-22T00:18:55.223+0000] {logging_mixin.py:188} INFO - [2026-05-22T00:18:55.222+0000] {dag.py:3096} INFO - Sync 1 DAGs
[2026-05-22T00:18:55.313+0000] {logging_mixin.py:188} INFO - [2026-05-22T00:18:55.313+0000] {dag.py:3954} INFO - Setting next_dagrun for etl_consolidation_pipeline to 2026-05-20 06:00:00+00:00, run_after=2026-05-21 06:00:00+00:00
[2026-05-22T00:18:55.394+0000] {processor.py:183} INFO - Processing /opt/airflow/dags/etl_pipeline.py took 0.322 seconds
[2026-05-22T00:19:25.732+0000] {processor.py:161} INFO - Started process (PID=302) to work on /opt/airflow/dags/etl_pipeline.py
[2026-05-22T00:19:25.734+0000] {processor.py:830} INFO - Processing file /opt/airflow/dags/etl_pipeline.py for tasks to queue
[2026-05-22T00:19:25.740+0000] {logging_mixin.py:188} INFO - [2026-05-22T00:19:25.739+0000] {dagbag.py:545} INFO - Filling up the DagBag from /opt/airflow/dags/etl_pipeline.py
[2026-05-22T00:19:25.789+0000] {processor.py:840} INFO - DAG(s) 'etl_consolidation_pipeline' retrieved from /opt/airflow/dags/etl_pipeline.py
[2026-05-22T00:19:25.859+0000] {logging_mixin.py:188} INFO - [2026-05-22T00:19:25.858+0000] {dag.py:3096} INFO - Sync 1 DAGs
[2026-05-22T00:19:25.913+0000] {logging_mixin.py:188} INFO - [2026-05-22T00:19:25.913+0000] {dag.py:3954} INFO - Setting next_dagrun for etl_consolidation_pipeline to 2026-05-20 06:00:00+00:00, run_after=2026-05-21 06:00:00+00:00
[2026-05-22T00:19:25.957+0000] {processor.py:183} INFO - Processing /opt/airflow/dags/etl_pipeline.py took 0.239 seconds
[2026-05-22T11:21:00.739+0000] {processor.py:161} INFO - Started process (PID=182) to work on /opt/airflow/dags/etl_pipeline.py
[2026-05-22T11:21:00.743+0000] {processor.py:830} INFO - Processing file /opt/airflow/dags/etl_pipeline.py for tasks to queue
[2026-05-22T11:21:00.750+0000] {logging_mixin.py:188} INFO - [2026-05-22T11:21:00.749+0000] {dagbag.py:545} INFO - Filling up the DagBag from /opt/airflow/dags/etl_pipeline.py
[2026-05-22T11:21:00.857+0000] {processor.py:840} INFO - DAG(s) 'etl_consolidation_pipeline' retrieved from /opt/airflow/dags/etl_pipeline.py
[2026-05-22T11:21:01.658+0000] {logging_mixin.py:188} INFO - [2026-05-22T11:21:01.657+0000] {dag.py:3096} INFO - Sync 1 DAGs
[2026-05-22T11:21:01.710+0000] {logging_mixin.py:188} INFO - [2026-05-22T11:21:01.710+0000] {dag.py:3954} INFO - Setting next_dagrun for etl_consolidation_pipeline to 2026-05-21 06:00:00+00:00, run_after=2026-05-22 06:00:00+00:00
[2026-05-22T11:21:01.763+0000] {processor.py:183} INFO - Processing /opt/airflow/dags/etl_pipeline.py took 1.047 seconds
[2026-05-22T11:21:32.121+0000] {processor.py:161} INFO - Started process (PID=187) to work on /opt/airflow/dags/etl_pipeline.py
[2026-05-22T11:21:32.124+0000] {processor.py:830} INFO - Processing file /opt/airflow/dags/etl_pipeline.py for tasks to queue
[2026-05-22T11:21:32.131+0000] {logging_mixin.py:188} INFO - [2026-05-22T11:21:32.130+0000] {dagbag.py:545} INFO - Filling up the DagBag from /opt/airflow/dags/etl_pipeline.py
[2026-05-22T11:21:32.187+0000] {processor.py:840} INFO - DAG(s) 'etl_consolidation_pipeline' retrieved from /opt/airflow/dags/etl_pipeline.py
[2026-05-22T11:21:32.288+0000] {logging_mixin.py:188} INFO - [2026-05-22T11:21:32.287+0000] {dag.py:3096} INFO - Sync 1 DAGs
[2026-05-22T11:21:32.360+0000] {logging_mixin.py:188} INFO - [2026-05-22T11:21:32.359+0000] {dag.py:3954} INFO - Setting next_dagrun for etl_consolidation_pipeline to 2026-05-21 06:00:00+00:00, run_after=2026-05-22 06:00:00+00:00
[2026-05-22T11:21:32.415+0000] {processor.py:183} INFO - Processing /opt/airflow/dags/etl_pipeline.py took 0.310 seconds
[2026-05-22T11:22:02.729+0000] {processor.py:161} INFO - Started process (PID=192) to work on /opt/airflow/dags/etl_pipeline.py
[2026-05-22T11:22:02.731+0000] {processor.py:830} INFO - Processing file /opt/airflow/dags/etl_pipeline.py for tasks to queue
[2026-05-22T11:22:02.736+0000] {logging_mixin.py:188} INFO - [2026-05-22T11:22:02.735+0000] {dagbag.py:545} INFO - Filling up the DagBag from /opt/airflow/dags/etl_pipeline.py
[2026-05-22T11:22:02.782+0000] {processor.py:840} INFO - DAG(s) 'etl_consolidation_pipeline' retrieved from /opt/airflow/dags/etl_pipeline.py
[2026-05-22T11:22:02.835+0000] {logging_mixin.py:188} INFO - [2026-05-22T11:22:02.834+0000] {dag.py:3096} INFO - Sync 1 DAGs
[2026-05-22T11:22:02.878+0000] {logging_mixin.py:188} INFO - [2026-05-22T11:22:02.877+0000] {dag.py:3954} INFO - Setting next_dagrun for etl_consolidation_pipeline to 2026-05-21 06:00:00+00:00, run_after=2026-05-22 06:00:00+00:00
[2026-05-22T11:22:02.918+0000] {processor.py:183} INFO - Processing /opt/airflow/dags/etl_pipeline.py took 0.199 seconds
[2026-05-22T11:22:33.188+0000] {processor.py:161} INFO - Started process (PID=197) to work on /opt/airflow/dags/etl_pipeline.py
[2026-05-22T11:22:33.190+0000] {processor.py:830} INFO - Processing file /opt/airflow/dags/etl_pipeline.py for tasks to queue
[2026-05-22T11:22:33.193+0000] {logging_mixin.py:188} INFO - [2026-05-22T11:22:33.192+0000] {dagbag.py:545} INFO - Filling up the DagBag from /opt/airflow/dags/etl_pipeline.py
[2026-05-22T11:22:33.232+0000] {processor.py:840} INFO - DAG(s) 'etl_consolidation_pipeline' retrieved from /opt/airflow/dags/etl_pipeline.py
[2026-05-22T11:22:33.288+0000] {logging_mixin.py:188} INFO - [2026-05-22T11:22:33.288+0000] {dag.py:3096} INFO - Sync 1 DAGs
[2026-05-22T11:22:33.336+0000] {logging_mixin.py:188} INFO - [2026-05-22T11:22:33.335+0000] {dag.py:3954} INFO - Setting next_dagrun for etl_consolidation_pipeline to 2026-05-21 06:00:00+00:00, run_after=2026-05-22 06:00:00+00:00
[2026-05-22T11:22:33.373+0000] {processor.py:183} INFO - Processing /opt/airflow/dags/etl_pipeline.py took 0.195 seconds
[2026-05-22T11:23:03.635+0000] {processor.py:161} INFO - Started process (PID=202) to work on /opt/airflow/dags/etl_pipeline.py
[2026-05-22T11:23:03.637+0000] {processor.py:830} INFO - Processing file /opt/airflow/dags/etl_pipeline.py for tasks to queue
[2026-05-22T11:23:03.640+0000] {logging_mixin.py:188} INFO - [2026-05-22T11:23:03.640+0000] {dagbag.py:545} INFO - Filling up the DagBag from /opt/airflow/dags/etl_pipeline.py
[2026-05-22T11:23:03.677+0000] {processor.py:840} INFO - DAG(s) 'etl_consolidation_pipeline' retrieved from /opt/airflow/dags/etl_pipeline.py
[2026-05-22T11:23:03.731+0000] {logging_mixin.py:188} INFO - [2026-05-22T11:23:03.731+0000] {dag.py:3096} INFO - Sync 1 DAGs
[2026-05-22T11:23:03.774+0000] {logging_mixin.py:188} INFO - [2026-05-22T11:23:03.773+0000] {dag.py:3954} INFO - Setting next_dagrun for etl_consolidation_pipeline to 2026-05-21 06:00:00+00:00, run_after=2026-05-22 06:00:00+00:00
[2026-05-22T11:23:03.815+0000] {processor.py:183} INFO - Processing /opt/airflow/dags/etl_pipeline.py took 0.189 seconds
[2026-05-22T11:23:34.089+0000] {processor.py:161} INFO - Started process (PID=207) to work on /opt/airflow/dags/etl_pipeline.py
[2026-05-22T11:23:34.093+0000] {processor.py:830} INFO - Processing file /opt/airflow/dags/etl_pipeline.py for tasks to queue
[2026-05-22T11:23:34.103+0000] {logging_mixin.py:188} INFO - [2026-05-22T11:23:34.103+0000] {dagbag.py:545} INFO - Filling up the DagBag from /opt/airflow/dags/etl_pipeline.py
[2026-05-22T11:23:34.155+0000] {processor.py:840} INFO - DAG(s) 'etl_consolidation_pipeline' retrieved from /opt/airflow/dags/etl_pipeline.py
[2026-05-22T11:23:34.228+0000] {logging_mixin.py:188} INFO - [2026-05-22T11:23:34.228+0000] {dag.py:3096} INFO - Sync 1 DAGs
[2026-05-22T11:23:34.286+0000] {logging_mixin.py:188} INFO - [2026-05-22T11:23:34.286+0000] {dag.py:3954} INFO - Setting next_dagrun for etl_consolidation_pipeline to 2026-05-21 06:00:00+00:00, run_after=2026-05-22 06:00:00+00:00
[2026-05-22T11:23:34.339+0000] {processor.py:183} INFO - Processing /opt/airflow/dags/etl_pipeline.py took 0.263 seconds
[2026-05-22T11:24:04.645+0000] {processor.py:161} INFO - Started process (PID=212) to work on /opt/airflow/dags/etl_pipeline.py
[2026-05-22T11:24:04.647+0000] {processor.py:830} INFO - Processing file /opt/airflow/dags/etl_pipeline.py for tasks to queue
[2026-05-22T11:24:04.650+0000] {logging_mixin.py:188} INFO - [2026-05-22T11:24:04.650+0000] {dagbag.py:545} INFO - Filling up the DagBag from /opt/airflow/dags/etl_pipeline.py
[2026-05-22T11:24:04.690+0000] {processor.py:840} INFO - DAG(s) 'etl_consolidation_pipeline' retrieved from /opt/airflow/dags/etl_pipeline.py
[2026-05-22T11:24:04.755+0000] {logging_mixin.py:188} INFO - [2026-05-22T11:24:04.754+0000] {dag.py:3096} INFO - Sync 1 DAGs
[2026-05-22T11:24:04.798+0000] {logging_mixin.py:188} INFO - [2026-05-22T11:24:04.798+0000] {dag.py:3954} INFO - Setting next_dagrun for etl_consolidation_pipeline to 2026-05-21 06:00:00+00:00, run_after=2026-05-22 06:00:00+00:00
[2026-05-22T11:24:04.836+0000] {processor.py:183} INFO - Processing /opt/airflow/dags/etl_pipeline.py took 0.201 seconds
[2026-05-22T11:24:35.066+0000] {processor.py:161} INFO - Started process (PID=217) to work on /opt/airflow/dags/etl_pipeline.py
[2026-05-22T11:24:35.069+0000] {processor.py:830} INFO - Processing file /opt/airflow/dags/etl_pipeline.py for tasks to queue
[2026-05-22T11:24:35.074+0000] {logging_mixin.py:188} INFO - [2026-05-22T11:24:35.073+0000] {dagbag.py:545} INFO - Filling up the DagBag from /opt/airflow/dags/etl_pipeline.py
[2026-05-22T11:24:35.161+0000] {processor.py:840} INFO - DAG(s) 'etl_consolidation_pipeline' retrieved from /opt/airflow/dags/etl_pipeline.py
[2026-05-22T11:24:35.258+0000] {logging_mixin.py:188} INFO - [2026-05-22T11:24:35.257+0000] {dag.py:3096} INFO - Sync 1 DAGs
[2026-05-22T11:24:35.384+0000] {logging_mixin.py:188} INFO - [2026-05-22T11:24:35.383+0000] {dag.py:3954} INFO - Setting next_dagrun for etl_consolidation_pipeline to 2026-05-21 06:00:00+00:00, run_after=2026-05-22 06:00:00+00:00
[2026-05-22T11:24:35.459+0000] {processor.py:183} INFO - Processing /opt/airflow/dags/etl_pipeline.py took 0.412 seconds
[2026-05-22T11:25:05.851+0000] {processor.py:161} INFO - Started process (PID=222) to work on /opt/airflow/dags/etl_pipeline.py
[2026-05-22T11:25:05.853+0000] {processor.py:830} INFO - Processing file /opt/airflow/dags/etl_pipeline.py for tasks to queue
[2026-05-22T11:25:05.857+0000] {logging_mixin.py:188} INFO - [2026-05-22T11:25:05.856+0000] {dagbag.py:545} INFO - Filling up the DagBag from /opt/airflow/dags/etl_pipeline.py
[2026-05-22T11:25:05.906+0000] {processor.py:840} INFO - DAG(s) 'etl_consolidation_pipeline' retrieved from /opt/airflow/dags/etl_pipeline.py
[2026-05-22T11:25:05.968+0000] {logging_mixin.py:188} INFO - [2026-05-22T11:25:05.967+0000] {dag.py:3096} INFO - Sync 1 DAGs
[2026-05-22T11:25:06.028+0000] {logging_mixin.py:188} INFO - [2026-05-22T11:25:06.027+0000] {dag.py:3954} INFO - Setting next_dagrun for etl_consolidation_pipeline to 2026-05-21 06:00:00+00:00, run_after=2026-05-22 06:00:00+00:00
[2026-05-22T11:25:06.078+0000] {processor.py:183} INFO - Processing /opt/airflow/dags/etl_pipeline.py took 0.239 seconds
[2026-05-22T11:25:36.487+0000] {processor.py:161} INFO - Started process (PID=227) to work on /opt/airflow/dags/etl_pipeline.py
[2026-05-22T11:25:36.490+0000] {processor.py:830} INFO - Processing file /opt/airflow/dags/etl_pipeline.py for tasks to queue
[2026-05-22T11:25:36.500+0000] {logging_mixin.py:188} INFO - [2026-05-22T11:25:36.499+0000] {dagbag.py:545} INFO - Filling up the DagBag from /opt/airflow/dags/etl_pipeline.py
[2026-05-22T11:25:36.555+0000] {processor.py:840} INFO - DAG(s) 'etl_consolidation_pipeline' retrieved from /opt/airflow/dags/etl_pipeline.py
[2026-05-22T11:25:36.653+0000] {logging_mixin.py:188} INFO - [2026-05-22T11:25:36.652+0000] {dag.py:3096} INFO - Sync 1 DAGs
[2026-05-22T11:25:36.721+0000] {logging_mixin.py:188} INFO - [2026-05-22T11:25:36.721+0000] {dag.py:3954} INFO - Setting next_dagrun for etl_consolidation_pipeline to 2026-05-21 06:00:00+00:00, run_after=2026-05-22 06:00:00+00:00
[2026-05-22T11:25:36.807+0000] {processor.py:183} INFO - Processing /opt/airflow/dags/etl_pipeline.py took 0.343 seconds
[2026-05-22T11:26:07.163+0000] {processor.py:161} INFO - Started process (PID=232) to work on /opt/airflow/dags/etl_pipeline.py
[2026-05-22T11:26:07.165+0000] {processor.py:830} INFO - Processing file /opt/airflow/dags/etl_pipeline.py for tasks to queue
[2026-05-22T11:26:07.170+0000] {logging_mixin.py:188} INFO - [2026-05-22T11:26:07.169+0000] {dagbag.py:545} INFO - Filling up the DagBag from /opt/airflow/dags/etl_pipeline.py
[2026-05-22T11:26:07.209+0000] {processor.py:840} INFO - DAG(s) 'etl_consolidation_pipeline' retrieved from /opt/airflow/dags/etl_pipeline.py
[2026-05-22T11:26:07.266+0000] {logging_mixin.py:188} INFO - [2026-05-22T11:26:07.266+0000] {dag.py:3096} INFO - Sync 1 DAGs
[2026-05-22T11:26:07.316+0000] {logging_mixin.py:188} INFO - [2026-05-22T11:26:07.316+0000] {dag.py:3954} INFO - Setting next_dagrun for etl_consolidation_pipeline to 2026-05-21 06:00:00+00:00, run_after=2026-05-22 06:00:00+00:00
[2026-05-22T11:26:07.359+0000] {processor.py:183} INFO - Processing /opt/airflow/dags/etl_pipeline.py took 0.208 seconds
[2026-05-22T11:26:37.688+0000] {processor.py:161} INFO - Started process (PID=237) to work on /opt/airflow/dags/etl_pipeline.py
[2026-05-22T11:26:37.690+0000] {processor.py:830} INFO - Processing file /opt/airflow/dags/etl_pipeline.py for tasks to queue
[2026-05-22T11:26:37.694+0000] {logging_mixin.py:188} INFO - [2026-05-22T11:26:37.693+0000] {dagbag.py:545} INFO - Filling up the DagBag from /opt/airflow/dags/etl_pipeline.py
[2026-05-22T11:26:37.744+0000] {processor.py:840} INFO - DAG(s) 'etl_consolidation_pipeline' retrieved from /opt/airflow/dags/etl_pipeline.py
[2026-05-22T11:26:37.808+0000] {logging_mixin.py:188} INFO - [2026-05-22T11:26:37.808+0000] {dag.py:3096} INFO - Sync 1 DAGs
[2026-05-22T11:26:37.891+0000] {logging_mixin.py:188} INFO - [2026-05-22T11:26:37.882+0000] {dag.py:3954} INFO - Setting next_dagrun for etl_consolidation_pipeline to 2026-05-21 06:00:00+00:00, run_after=2026-05-22 06:00:00+00:00
[2026-05-22T11:26:37.989+0000] {processor.py:183} INFO - Processing /opt/airflow/dags/etl_pipeline.py took 0.313 seconds
[2026-05-22T11:27:08.373+0000] {processor.py:161} INFO - Started process (PID=242) to work on /opt/airflow/dags/etl_pipeline.py
[2026-05-22T11:27:08.375+0000] {processor.py:830} INFO - Processing file /opt/airflow/dags/etl_pipeline.py for tasks to queue
[2026-05-22T11:27:08.378+0000] {logging_mixin.py:188} INFO - [2026-05-22T11:27:08.378+0000] {dagbag.py:545} INFO - Filling up the DagBag from /opt/airflow/dags/etl_pipeline.py
[2026-05-22T11:27:08.418+0000] {processor.py:840} INFO - DAG(s) 'etl_consolidation_pipeline' retrieved from /opt/airflow/dags/etl_pipeline.py
[2026-05-22T11:27:08.472+0000] {logging_mixin.py:188} INFO - [2026-05-22T11:27:08.471+0000] {dag.py:3096} INFO - Sync 1 DAGs
[2026-05-22T11:27:08.513+0000] {logging_mixin.py:188} INFO - [2026-05-22T11:27:08.512+0000] {dag.py:3954} INFO - Setting next_dagrun for etl_consolidation_pipeline to 2026-05-21 06:00:00+00:00, run_after=2026-05-22 06:00:00+00:00
[2026-05-22T11:27:08.552+0000] {processor.py:183} INFO - Processing /opt/airflow/dags/etl_pipeline.py took 0.190 seconds
[2026-05-22T11:27:38.730+0000] {processor.py:161} INFO - Started process (PID=247) to work on /opt/airflow/dags/etl_pipeline.py
[2026-05-22T11:27:38.733+0000] {processor.py:830} INFO - Processing file /opt/airflow/dags/etl_pipeline.py for tasks to queue
[2026-05-22T11:27:38.738+0000] {logging_mixin.py:188} INFO - [2026-05-22T11:27:38.737+0000] {dagbag.py:545} INFO - Filling up the DagBag from /opt/airflow/dags/etl_pipeline.py
[2026-05-22T11:27:38.810+0000] {processor.py:840} INFO - DAG(s) 'etl_consolidation_pipeline' retrieved from /opt/airflow/dags/etl_pipeline.py
[2026-05-22T11:27:38.898+0000] {logging_mixin.py:188} INFO - [2026-05-22T11:27:38.897+0000] {dag.py:3096} INFO - Sync 1 DAGs
[2026-05-22T11:27:38.966+0000] {logging_mixin.py:188} INFO - [2026-05-22T11:27:38.965+0000] {dag.py:3954} INFO - Setting next_dagrun for etl_consolidation_pipeline to 2026-05-21 06:00:00+00:00, run_after=2026-05-22 06:00:00+00:00
[2026-05-22T11:27:39.027+0000] {processor.py:183} INFO - Processing /opt/airflow/dags/etl_pipeline.py took 0.319 seconds
[2026-05-22T11:28:09.215+0000] {processor.py:161} INFO - Started process (PID=252) to work on /opt/airflow/dags/etl_pipeline.py
[2026-05-22T11:28:09.217+0000] {processor.py:830} INFO - Processing file /opt/airflow/dags/etl_pipeline.py for tasks to queue
[2026-05-22T11:28:09.221+0000] {logging_mixin.py:188} INFO - [2026-05-22T11:28:09.220+0000] {dagbag.py:545} INFO - Filling up the DagBag from /opt/airflow/dags/etl_pipeline.py
[2026-05-22T11:28:09.260+0000] {processor.py:840} INFO - DAG(s) 'etl_consolidation_pipeline' retrieved from /opt/airflow/dags/etl_pipeline.py
[2026-05-22T11:28:09.320+0000] {logging_mixin.py:188} INFO - [2026-05-22T11:28:09.320+0000] {dag.py:3096} INFO - Sync 1 DAGs
[2026-05-22T11:28:09.366+0000] {logging_mixin.py:188} INFO - [2026-05-22T11:28:09.365+0000] {dag.py:3954} INFO - Setting next_dagrun for etl_consolidation_pipeline to 2026-05-21 06:00:00+00:00, run_after=2026-05-22 06:00:00+00:00
[2026-05-22T11:28:09.407+0000] {processor.py:183} INFO - Processing /opt/airflow/dags/etl_pipeline.py took 0.202 seconds
[2026-05-22T11:28:39.649+0000] {processor.py:161} INFO - Started process (PID=257) to work on /opt/airflow/dags/etl_pipeline.py
[2026-05-22T11:28:39.651+0000] {processor.py:830} INFO - Processing file /opt/airflow/dags/etl_pipeline.py for tasks to queue
[2026-05-22T11:28:39.655+0000] {logging_mixin.py:188} INFO - [2026-05-22T11:28:39.654+0000] {dagbag.py:545} INFO - Filling up the DagBag from /opt/airflow/dags/etl_pipeline.py
[2026-05-22T11:28:39.700+0000] {processor.py:840} INFO - DAG(s) 'etl_consolidation_pipeline' retrieved from /opt/airflow/dags/etl_pipeline.py
[2026-05-22T11:28:39.753+0000] {logging_mixin.py:188} INFO - [2026-05-22T11:28:39.753+0000] {dag.py:3096} INFO - Sync 1 DAGs
[2026-05-22T11:28:39.790+0000] {logging_mixin.py:188} INFO - [2026-05-22T11:28:39.790+0000] {dag.py:3954} INFO - Setting next_dagrun for etl_consolidation_pipeline to 2026-05-21 06:00:00+00:00, run_after=2026-05-22 06:00:00+00:00
[2026-05-22T11:28:39.827+0000] {processor.py:183} INFO - Processing /opt/airflow/dags/etl_pipeline.py took 0.190 seconds
[2026-05-22T11:29:09.945+0000] {processor.py:161} INFO - Started process (PID=262) to work on /opt/airflow/dags/etl_pipeline.py
[2026-05-22T11:29:09.947+0000] {processor.py:830} INFO - Processing file /opt/airflow/dags/etl_pipeline.py for tasks to queue
[2026-05-22T11:29:09.951+0000] {logging_mixin.py:188} INFO - [2026-05-22T11:29:09.950+0000] {dagbag.py:545} INFO - Filling up the DagBag from /opt/airflow/dags/etl_pipeline.py
[2026-05-22T11:29:09.989+0000] {processor.py:840} INFO - DAG(s) 'etl_consolidation_pipeline' retrieved from /opt/airflow/dags/etl_pipeline.py
[2026-05-22T11:29:10.042+0000] {logging_mixin.py:188} INFO - [2026-05-22T11:29:10.041+0000] {dag.py:3096} INFO - Sync 1 DAGs
[2026-05-22T11:29:10.089+0000] {logging_mixin.py:188} INFO - [2026-05-22T11:29:10.088+0000] {dag.py:3954} INFO - Setting next_dagrun for etl_consolidation_pipeline to 2026-05-21 06:00:00+00:00, run_after=2026-05-22 06:00:00+00:00
[2026-05-22T11:29:10.138+0000] {processor.py:183} INFO - Processing /opt/airflow/dags/etl_pipeline.py took 0.203 seconds
[2026-05-22T11:29:40.410+0000] {processor.py:161} INFO - Started process (PID=267) to work on /opt/airflow/dags/etl_pipeline.py
[2026-05-22T11:29:40.412+0000] {processor.py:830} INFO - Processing file /opt/airflow/dags/etl_pipeline.py for tasks to queue
[2026-05-22T11:29:40.418+0000] {logging_mixin.py:188} INFO - [2026-05-22T11:29:40.417+0000] {dagbag.py:545} INFO - Filling up the DagBag from /opt/airflow/dags/etl_pipeline.py
[2026-05-22T11:29:40.470+0000] {processor.py:840} INFO - DAG(s) 'etl_consolidation_pipeline' retrieved from /opt/airflow/dags/etl_pipeline.py
[2026-05-22T11:29:40.532+0000] {logging_mixin.py:188} INFO - [2026-05-22T11:29:40.532+0000] {dag.py:3096} INFO - Sync 1 DAGs
[2026-05-22T11:29:40.574+0000] {logging_mixin.py:188} INFO - [2026-05-22T11:29:40.573+0000] {dag.py:3954} INFO - Setting next_dagrun for etl_consolidation_pipeline to 2026-05-21 06:00:00+00:00, run_after=2026-05-22 06:00:00+00:00
[2026-05-22T11:29:40.619+0000] {processor.py:183} INFO - Processing /opt/airflow/dags/etl_pipeline.py took 0.225 seconds
[2026-05-22T11:30:10.752+0000] {processor.py:161} INFO - Started process (PID=272) to work on /opt/airflow/dags/etl_pipeline.py
[2026-05-22T11:30:10.755+0000] {processor.py:830} INFO - Processing file /opt/airflow/dags/etl_pipeline.py for tasks to queue
[2026-05-22T11:30:10.759+0000] {logging_mixin.py:188} INFO - [2026-05-22T11:30:10.759+0000] {dagbag.py:545} INFO - Filling up the DagBag from /opt/airflow/dags/etl_pipeline.py
[2026-05-22T11:30:10.813+0000] {processor.py:840} INFO - DAG(s) 'etl_consolidation_pipeline' retrieved from /opt/airflow/dags/etl_pipeline.py
[2026-05-22T11:30:10.890+0000] {logging_mixin.py:188} INFO - [2026-05-22T11:30:10.890+0000] {dag.py:3096} INFO - Sync 1 DAGs
[2026-05-22T11:30:10.943+0000] {logging_mixin.py:188} INFO - [2026-05-22T11:30:10.942+0000] {dag.py:3954} INFO - Setting next_dagrun for etl_consolidation_pipeline to 2026-05-21 06:00:00+00:00, run_after=2026-05-22 06:00:00+00:00
[2026-05-22T11:30:10.988+0000] {processor.py:183} INFO - Processing /opt/airflow/dags/etl_pipeline.py took 0.248 seconds
[2026-05-22T11:30:41.189+0000] {processor.py:161} INFO - Started process (PID=277) to work on /opt/airflow/dags/etl_pipeline.py
[2026-05-22T11:30:41.191+0000] {processor.py:830} INFO - Processing file /opt/airflow/dags/etl_pipeline.py for tasks to queue
[2026-05-22T11:30:41.195+0000] {logging_mixin.py:188} INFO - [2026-05-22T11:30:41.194+0000] {dagbag.py:545} INFO - Filling up the DagBag from /opt/airflow/dags/etl_pipeline.py
[2026-05-22T11:30:41.240+0000] {processor.py:840} INFO - DAG(s) 'etl_consolidation_pipeline' retrieved from /opt/airflow/dags/etl_pipeline.py
[2026-05-22T11:30:41.306+0000] {logging_mixin.py:188} INFO - [2026-05-22T11:30:41.305+0000] {dag.py:3096} INFO - Sync 1 DAGs
[2026-05-22T11:30:41.349+0000] {logging_mixin.py:188} INFO - [2026-05-22T11:30:41.348+0000] {dag.py:3954} INFO - Setting next_dagrun for etl_consolidation_pipeline to 2026-05-21 06:00:00+00:00, run_after=2026-05-22 06:00:00+00:00
[2026-05-22T11:30:41.391+0000] {processor.py:183} INFO - Processing /opt/airflow/dags/etl_pipeline.py took 0.213 seconds
[2026-05-22T11:31:11.603+0000] {processor.py:161} INFO - Started process (PID=282) to work on /opt/airflow/dags/etl_pipeline.py
[2026-05-22T11:31:11.605+0000] {processor.py:830} INFO - Processing file /opt/airflow/dags/etl_pipeline.py for tasks to queue
[2026-05-22T11:31:11.609+0000] {logging_mixin.py:188} INFO - [2026-05-22T11:31:11.608+0000] {dagbag.py:545} INFO - Filling up the DagBag from /opt/airflow/dags/etl_pipeline.py
[2026-05-22T11:31:11.658+0000] {processor.py:840} INFO - DAG(s) 'etl_consolidation_pipeline' retrieved from /opt/airflow/dags/etl_pipeline.py
[2026-05-22T11:31:11.713+0000] {logging_mixin.py:188} INFO - [2026-05-22T11:31:11.712+0000] {dag.py:3096} INFO - Sync 1 DAGs
[2026-05-22T11:31:11.757+0000] {logging_mixin.py:188} INFO - [2026-05-22T11:31:11.756+0000] {dag.py:3954} INFO - Setting next_dagrun for etl_consolidation_pipeline to 2026-05-21 06:00:00+00:00, run_after=2026-05-22 06:00:00+00:00
[2026-05-22T11:31:11.795+0000] {processor.py:183} INFO - Processing /opt/airflow/dags/etl_pipeline.py took 0.200 seconds
[2026-05-22T11:31:41.910+0000] {processor.py:161} INFO - Started process (PID=287) to work on /opt/airflow/dags/etl_pipeline.py
[2026-05-22T11:31:41.912+0000] {processor.py:830} INFO - Processing file /opt/airflow/dags/etl_pipeline.py for tasks to queue
[2026-05-22T11:31:41.916+0000] {logging_mixin.py:188} INFO - [2026-05-22T11:31:41.915+0000] {dagbag.py:545} INFO - Filling up the DagBag from /opt/airflow/dags/etl_pipeline.py
[2026-05-22T11:31:41.958+0000] {processor.py:840} INFO - DAG(s) 'etl_consolidation_pipeline' retrieved from /opt/airflow/dags/etl_pipeline.py
[2026-05-22T11:31:42.012+0000] {logging_mixin.py:188} INFO - [2026-05-22T11:31:42.012+0000] {dag.py:3096} INFO - Sync 1 DAGs
[2026-05-22T11:31:42.055+0000] {logging_mixin.py:188} INFO - [2026-05-22T11:31:42.055+0000] {dag.py:3954} INFO - Setting next_dagrun for etl_consolidation_pipeline to 2026-05-21 06:00:00+00:00, run_after=2026-05-22 06:00:00+00:00
[2026-05-22T11:31:42.094+0000] {processor.py:183} INFO - Processing /opt/airflow/dags/etl_pipeline.py took 0.194 seconds
[2026-05-22T11:32:12.284+0000] {processor.py:161} INFO - Started process (PID=292) to work on /opt/airflow/dags/etl_pipeline.py
[2026-05-22T11:32:12.287+0000] {processor.py:830} INFO - Processing file /opt/airflow/dags/etl_pipeline.py for tasks to queue
[2026-05-22T11:32:12.291+0000] {logging_mixin.py:188} INFO - [2026-05-22T11:32:12.290+0000] {dagbag.py:545} INFO - Filling up the DagBag from /opt/airflow/dags/etl_pipeline.py
[2026-05-22T11:32:12.335+0000] {processor.py:840} INFO - DAG(s) 'etl_consolidation_pipeline' retrieved from /opt/airflow/dags/etl_pipeline.py
[2026-05-22T11:32:12.397+0000] {logging_mixin.py:188} INFO - [2026-05-22T11:32:12.396+0000] {dag.py:3096} INFO - Sync 1 DAGs
[2026-05-22T11:32:12.446+0000] {logging_mixin.py:188} INFO - [2026-05-22T11:32:12.446+0000] {dag.py:3954} INFO - Setting next_dagrun for etl_consolidation_pipeline to 2026-05-21 06:00:00+00:00, run_after=2026-05-22 06:00:00+00:00
[2026-05-22T11:32:12.493+0000] {processor.py:183} INFO - Processing /opt/airflow/dags/etl_pipeline.py took 0.223 seconds
[2026-05-22T11:32:42.588+0000] {processor.py:161} INFO - Started process (PID=297) to work on /opt/airflow/dags/etl_pipeline.py
[2026-05-22T11:32:42.590+0000] {processor.py:830} INFO - Processing file /opt/airflow/dags/etl_pipeline.py for tasks to queue
[2026-05-22T11:32:42.594+0000] {logging_mixin.py:188} INFO - [2026-05-22T11:32:42.593+0000] {dagbag.py:545} INFO - Filling up the DagBag from /opt/airflow/dags/etl_pipeline.py
[2026-05-22T11:32:42.636+0000] {processor.py:840} INFO - DAG(s) 'etl_consolidation_pipeline' retrieved from /opt/airflow/dags/etl_pipeline.py
[2026-05-22T11:32:42.697+0000] {logging_mixin.py:188} INFO - [2026-05-22T11:32:42.697+0000] {dag.py:3096} INFO - Sync 1 DAGs
[2026-05-22T11:32:42.756+0000] {logging_mixin.py:188} INFO - [2026-05-22T11:32:42.755+0000] {dag.py:3954} INFO - Setting next_dagrun for etl_consolidation_pipeline to 2026-05-21 06:00:00+00:00, run_after=2026-05-22 06:00:00+00:00
[2026-05-22T11:32:42.801+0000] {processor.py:183} INFO - Processing /opt/airflow/dags/etl_pipeline.py took 0.225 seconds
[2026-05-22T11:33:13.021+0000] {processor.py:161} INFO - Started process (PID=302) to work on /opt/airflow/dags/etl_pipeline.py
[2026-05-22T11:33:13.023+0000] {processor.py:830} INFO - Processing file /opt/airflow/dags/etl_pipeline.py for tasks to queue
[2026-05-22T11:33:13.027+0000] {logging_mixin.py:188} INFO - [2026-05-22T11:33:13.026+0000] {dagbag.py:545} INFO - Filling up the DagBag from /opt/airflow/dags/etl_pipeline.py
[2026-05-22T11:33:13.069+0000] {processor.py:840} INFO - DAG(s) 'etl_consolidation_pipeline' retrieved from /opt/airflow/dags/etl_pipeline.py
[2026-05-22T11:33:13.129+0000] {logging_mixin.py:188} INFO - [2026-05-22T11:33:13.129+0000] {dag.py:3096} INFO - Sync 1 DAGs
[2026-05-22T11:33:13.184+0000] {logging_mixin.py:188} INFO - [2026-05-22T11:33:13.184+0000] {dag.py:3954} INFO - Setting next_dagrun for etl_consolidation_pipeline to 2026-05-21 06:00:00+00:00, run_after=2026-05-22 06:00:00+00:00
[2026-05-22T11:33:13.228+0000] {processor.py:183} INFO - Processing /opt/airflow/dags/etl_pipeline.py took 0.217 seconds
[2026-05-22T11:33:43.341+0000] {processor.py:161} INFO - Started process (PID=307) to work on /opt/airflow/dags/etl_pipeline.py
[2026-05-22T11:33:43.344+0000] {processor.py:830} INFO - Processing file /opt/airflow/dags/etl_pipeline.py for tasks to queue
[2026-05-22T11:33:43.347+0000] {logging_mixin.py:188} INFO - [2026-05-22T11:33:43.347+0000] {dagbag.py:545} INFO - Filling up the DagBag from /opt/airflow/dags/etl_pipeline.py
[2026-05-22T11:33:43.395+0000] {processor.py:840} INFO - DAG(s) 'etl_consolidation_pipeline' retrieved from /opt/airflow/dags/etl_pipeline.py
[2026-05-22T11:33:43.450+0000] {logging_mixin.py:188} INFO - [2026-05-22T11:33:43.450+0000] {dag.py:3096} INFO - Sync 1 DAGs
[2026-05-22T11:33:43.497+0000] {logging_mixin.py:188} INFO - [2026-05-22T11:33:43.497+0000] {dag.py:3954} INFO - Setting next_dagrun for etl_consolidation_pipeline to 2026-05-21 06:00:00+00:00, run_after=2026-05-22 06:00:00+00:00
[2026-05-22T11:33:43.546+0000] {processor.py:183} INFO - Processing /opt/airflow/dags/etl_pipeline.py took 0.215 seconds
[2026-05-22T11:34:13.789+0000] {processor.py:161} INFO - Started process (PID=312) to work on /opt/airflow/dags/etl_pipeline.py
[2026-05-22T11:34:13.792+0000] {processor.py:830} INFO - Processing file /opt/airflow/dags/etl_pipeline.py for tasks to queue
[2026-05-22T11:34:13.797+0000] {logging_mixin.py:188} INFO - [2026-05-22T11:34:13.796+0000] {dagbag.py:545} INFO - Filling up the DagBag from /opt/airflow/dags/etl_pipeline.py
[2026-05-22T11:34:13.855+0000] {processor.py:840} INFO - DAG(s) 'etl_consolidation_pipeline' retrieved from /opt/airflow/dags/etl_pipeline.py
[2026-05-22T11:34:13.925+0000] {logging_mixin.py:188} INFO - [2026-05-22T11:34:13.924+0000] {dag.py:3096} INFO - Sync 1 DAGs
[2026-05-22T11:34:13.979+0000] {logging_mixin.py:188} INFO - [2026-05-22T11:34:13.978+0000] {dag.py:3954} INFO - Setting next_dagrun for etl_consolidation_pipeline to 2026-05-21 06:00:00+00:00, run_after=2026-05-22 06:00:00+00:00
[2026-05-22T11:34:14.034+0000] {processor.py:183} INFO - Processing /opt/airflow/dags/etl_pipeline.py took 0.275 seconds
[2026-05-22T11:34:44.390+0000] {processor.py:161} INFO - Started process (PID=317) to work on /opt/airflow/dags/etl_pipeline.py
[2026-05-22T11:34:44.392+0000] {processor.py:830} INFO - Processing file /opt/airflow/dags/etl_pipeline.py for tasks to queue
[2026-05-22T11:34:44.395+0000] {logging_mixin.py:188} INFO - [2026-05-22T11:34:44.394+0000] {dagbag.py:545} INFO - Filling up the DagBag from /opt/airflow/dags/etl_pipeline.py
[2026-05-22T11:34:44.438+0000] {processor.py:840} INFO - DAG(s) 'etl_consolidation_pipeline' retrieved from /opt/airflow/dags/etl_pipeline.py
[2026-05-22T11:34:44.496+0000] {logging_mixin.py:188} INFO - [2026-05-22T11:34:44.495+0000] {dag.py:3096} INFO - Sync 1 DAGs
[2026-05-22T11:34:44.542+0000] {logging_mixin.py:188} INFO - [2026-05-22T11:34:44.541+0000] {dag.py:3954} INFO - Setting next_dagrun for etl_consolidation_pipeline to 2026-05-21 06:00:00+00:00, run_after=2026-05-22 06:00:00+00:00
[2026-05-22T11:34:44.582+0000] {processor.py:183} INFO - Processing /opt/airflow/dags/etl_pipeline.py took 0.202 seconds
[2026-05-22T11:35:14.868+0000] {processor.py:161} INFO - Started process (PID=322) to work on /opt/airflow/dags/etl_pipeline.py
[2026-05-22T11:35:14.870+0000] {processor.py:830} INFO - Processing file /opt/airflow/dags/etl_pipeline.py for tasks to queue
[2026-05-22T11:35:14.875+0000] {logging_mixin.py:188} INFO - [2026-05-22T11:35:14.874+0000] {dagbag.py:545} INFO - Filling up the DagBag from /opt/airflow/dags/etl_pipeline.py
[2026-05-22T11:35:14.916+0000] {processor.py:840} INFO - DAG(s) 'etl_consolidation_pipeline' retrieved from /opt/airflow/dags/etl_pipeline.py
[2026-05-22T11:35:14.973+0000] {logging_mixin.py:188} INFO - [2026-05-22T11:35:14.972+0000] {dag.py:3096} INFO - Sync 1 DAGs
[2026-05-22T11:35:15.016+0000] {logging_mixin.py:188} INFO - [2026-05-22T11:35:15.015+0000] {dag.py:3954} INFO - Setting next_dagrun for etl_consolidation_pipeline to 2026-05-21 06:00:00+00:00, run_after=2026-05-22 06:00:00+00:00
[2026-05-22T11:35:15.054+0000] {processor.py:183} INFO - Processing /opt/airflow/dags/etl_pipeline.py took 0.198 seconds
[2026-05-22T11:35:45.345+0000] {processor.py:161} INFO - Started process (PID=327) to work on /opt/airflow/dags/etl_pipeline.py
[2026-05-22T11:35:45.347+0000] {processor.py:830} INFO - Processing file /opt/airflow/dags/etl_pipeline.py for tasks to queue
[2026-05-22T11:35:45.352+0000] {logging_mixin.py:188} INFO - [2026-05-22T11:35:45.351+0000] {dagbag.py:545} INFO - Filling up the DagBag from /opt/airflow/dags/etl_pipeline.py
[2026-05-22T11:35:45.395+0000] {processor.py:840} INFO - DAG(s) 'etl_consolidation_pipeline' retrieved from /opt/airflow/dags/etl_pipeline.py
[2026-05-22T11:35:45.481+0000] {logging_mixin.py:188} INFO - [2026-05-22T11:35:45.480+0000] {dag.py:3096} INFO - Sync 1 DAGs
[2026-05-22T11:35:45.536+0000] {logging_mixin.py:188} INFO - [2026-05-22T11:35:45.535+0000] {dag.py:3954} INFO - Setting next_dagrun for etl_consolidation_pipeline to 2026-05-21 06:00:00+00:00, run_after=2026-05-22 06:00:00+00:00
[2026-05-22T11:35:45.613+0000] {processor.py:183} INFO - Processing /opt/airflow/dags/etl_pipeline.py took 0.280 seconds
[2026-05-22T11:36:15.802+0000] {processor.py:161} INFO - Started process (PID=332) to work on /opt/airflow/dags/etl_pipeline.py
[2026-05-22T11:36:15.807+0000] {processor.py:830} INFO - Processing file /opt/airflow/dags/etl_pipeline.py for tasks to queue
[2026-05-22T11:36:15.814+0000] {logging_mixin.py:188} INFO - [2026-05-22T11:36:15.813+0000] {dagbag.py:545} INFO - Filling up the DagBag from /opt/airflow/dags/etl_pipeline.py
[2026-05-22T11:36:15.886+0000] {processor.py:840} INFO - DAG(s) 'etl_consolidation_pipeline' retrieved from /opt/airflow/dags/etl_pipeline.py
[2026-05-22T11:36:16.000+0000] {logging_mixin.py:188} INFO - [2026-05-22T11:36:15.999+0000] {dag.py:3096} INFO - Sync 1 DAGs
[2026-05-22T11:36:16.112+0000] {logging_mixin.py:188} INFO - [2026-05-22T11:36:16.112+0000] {dag.py:3954} INFO - Setting next_dagrun for etl_consolidation_pipeline to 2026-05-21 06:00:00+00:00, run_after=2026-05-22 06:00:00+00:00
[2026-05-22T11:36:16.186+0000] {processor.py:183} INFO - Processing /opt/airflow/dags/etl_pipeline.py took 0.404 seconds
[2026-05-22T11:36:46.402+0000] {processor.py:161} INFO - Started process (PID=337) to work on /opt/airflow/dags/etl_pipeline.py
[2026-05-22T11:36:46.406+0000] {processor.py:830} INFO - Processing file /opt/airflow/dags/etl_pipeline.py for tasks to queue
[2026-05-22T11:36:46.414+0000] {logging_mixin.py:188} INFO - [2026-05-22T11:36:46.413+0000] {dagbag.py:545} INFO - Filling up the DagBag from /opt/airflow/dags/etl_pipeline.py
[2026-05-22T11:36:46.521+0000] {processor.py:840} INFO - DAG(s) 'etl_consolidation_pipeline' retrieved from /opt/airflow/dags/etl_pipeline.py
[2026-05-22T11:36:46.635+0000] {logging_mixin.py:188} INFO - [2026-05-22T11:36:46.634+0000] {dag.py:3096} INFO - Sync 1 DAGs
[2026-05-22T11:36:46.723+0000] {logging_mixin.py:188} INFO - [2026-05-22T11:36:46.722+0000] {dag.py:3954} INFO - Setting next_dagrun for etl_consolidation_pipeline to 2026-05-21 06:00:00+00:00, run_after=2026-05-22 06:00:00+00:00
[2026-05-22T11:36:46.779+0000] {processor.py:183} INFO - Processing /opt/airflow/dags/etl_pipeline.py took 0.403 seconds
[2026-05-22T11:37:17.115+0000] {processor.py:161} INFO - Started process (PID=342) to work on /opt/airflow/dags/etl_pipeline.py
[2026-05-22T11:37:17.118+0000] {processor.py:830} INFO - Processing file /opt/airflow/dags/etl_pipeline.py for tasks to queue
[2026-05-22T11:37:17.122+0000] {logging_mixin.py:188} INFO - [2026-05-22T11:37:17.121+0000] {dagbag.py:545} INFO - Filling up the DagBag from /opt/airflow/dags/etl_pipeline.py
[2026-05-22T11:37:17.174+0000] {processor.py:840} INFO - DAG(s) 'etl_consolidation_pipeline' retrieved from /opt/airflow/dags/etl_pipeline.py
[2026-05-22T11:37:17.245+0000] {logging_mixin.py:188} INFO - [2026-05-22T11:37:17.244+0000] {dag.py:3096} INFO - Sync 1 DAGs
[2026-05-22T11:37:17.299+0000] {logging_mixin.py:188} INFO - [2026-05-22T11:37:17.298+0000] {dag.py:3954} INFO - Setting next_dagrun for etl_consolidation_pipeline to 2026-05-21 06:00:00+00:00, run_after=2026-05-22 06:00:00+00:00
[2026-05-22T11:37:17.348+0000] {processor.py:183} INFO - Processing /opt/airflow/dags/etl_pipeline.py took 0.252 seconds
[2026-05-22T11:37:47.652+0000] {processor.py:161} INFO - Started process (PID=347) to work on /opt/airflow/dags/etl_pipeline.py
[2026-05-22T11:37:47.654+0000] {processor.py:830} INFO - Processing file /opt/airflow/dags/etl_pipeline.py for tasks to queue
[2026-05-22T11:37:47.660+0000] {logging_mixin.py:188} INFO - [2026-05-22T11:37:47.658+0000] {dagbag.py:545} INFO - Filling up the DagBag from /opt/airflow/dags/etl_pipeline.py
[2026-05-22T11:37:47.693+0000] {processor.py:840} INFO - DAG(s) 'etl_consolidation_pipeline' retrieved from /opt/airflow/dags/etl_pipeline.py
[2026-05-22T11:37:47.746+0000] {logging_mixin.py:188} INFO - [2026-05-22T11:37:47.746+0000] {dag.py:3096} INFO - Sync 1 DAGs
[2026-05-22T11:37:47.792+0000] {logging_mixin.py:188} INFO - [2026-05-22T11:37:47.791+0000] {dag.py:3954} INFO - Setting next_dagrun for etl_consolidation_pipeline to 2026-05-21 06:00:00+00:00, run_after=2026-05-22 06:00:00+00:00
[2026-05-22T11:37:47.831+0000] {processor.py:183} INFO - Processing /opt/airflow/dags/etl_pipeline.py took 0.190 seconds
[2026-05-22T11:38:18.177+0000] {processor.py:161} INFO - Started process (PID=352) to work on /opt/airflow/dags/etl_pipeline.py
[2026-05-22T11:38:18.180+0000] {processor.py:830} INFO - Processing file /opt/airflow/dags/etl_pipeline.py for tasks to queue
[2026-05-22T11:38:18.186+0000] {logging_mixin.py:188} INFO - [2026-05-22T11:38:18.185+0000] {dagbag.py:545} INFO - Filling up the DagBag from /opt/airflow/dags/etl_pipeline.py
[2026-05-22T11:38:18.230+0000] {processor.py:840} INFO - DAG(s) 'etl_consolidation_pipeline' retrieved from /opt/airflow/dags/etl_pipeline.py
[2026-05-22T11:38:18.287+0000] {logging_mixin.py:188} INFO - [2026-05-22T11:38:18.286+0000] {dag.py:3096} INFO - Sync 1 DAGs
[2026-05-22T11:38:18.336+0000] {logging_mixin.py:188} INFO - [2026-05-22T11:38:18.335+0000] {dag.py:3954} INFO - Setting next_dagrun for etl_consolidation_pipeline to 2026-05-21 06:00:00+00:00, run_after=2026-05-22 06:00:00+00:00
[2026-05-22T11:38:18.379+0000] {processor.py:183} INFO - Processing /opt/airflow/dags/etl_pipeline.py took 0.214 seconds
[2026-05-22T11:38:48.666+0000] {processor.py:161} INFO - Started process (PID=357) to work on /opt/airflow/dags/etl_pipeline.py
[2026-05-22T11:38:48.668+0000] {processor.py:830} INFO - Processing file /opt/airflow/dags/etl_pipeline.py for tasks to queue
[2026-05-22T11:38:48.672+0000] {logging_mixin.py:188} INFO - [2026-05-22T11:38:48.671+0000] {dagbag.py:545} INFO - Filling up the DagBag from /opt/airflow/dags/etl_pipeline.py
[2026-05-22T11:38:48.705+0000] {processor.py:840} INFO - DAG(s) 'etl_consolidation_pipeline' retrieved from /opt/airflow/dags/etl_pipeline.py
[2026-05-22T11:38:48.770+0000] {logging_mixin.py:188} INFO - [2026-05-22T11:38:48.770+0000] {dag.py:3096} INFO - Sync 1 DAGs
[2026-05-22T11:38:48.821+0000] {logging_mixin.py:188} INFO - [2026-05-22T11:38:48.821+0000] {dag.py:3954} INFO - Setting next_dagrun for etl_consolidation_pipeline to 2026-05-21 06:00:00+00:00, run_after=2026-05-22 06:00:00+00:00
[2026-05-22T11:38:48.859+0000] {processor.py:183} INFO - Processing /opt/airflow/dags/etl_pipeline.py took 0.210 seconds
[2026-05-22T11:39:19.213+0000] {processor.py:161} INFO - Started process (PID=362) to work on /opt/airflow/dags/etl_pipeline.py
[2026-05-22T11:39:19.215+0000] {processor.py:830} INFO - Processing file /opt/airflow/dags/etl_pipeline.py for tasks to queue
[2026-05-22T11:39:19.219+0000] {logging_mixin.py:188} INFO - [2026-05-22T11:39:19.218+0000] {dagbag.py:545} INFO - Filling up the DagBag from /opt/airflow/dags/etl_pipeline.py
[2026-05-22T11:39:19.262+0000] {processor.py:840} INFO - DAG(s) 'etl_consolidation_pipeline' retrieved from /opt/airflow/dags/etl_pipeline.py
[2026-05-22T11:39:19.322+0000] {logging_mixin.py:188} INFO - [2026-05-22T11:39:19.321+0000] {dag.py:3096} INFO - Sync 1 DAGs
[2026-05-22T11:39:19.375+0000] {logging_mixin.py:188} INFO - [2026-05-22T11:39:19.375+0000] {dag.py:3954} INFO - Setting next_dagrun for etl_consolidation_pipeline to 2026-05-21 06:00:00+00:00, run_after=2026-05-22 06:00:00+00:00
[2026-05-22T11:39:19.421+0000] {processor.py:183} INFO - Processing /opt/airflow/dags/etl_pipeline.py took 0.218 seconds
[2026-05-22T11:39:49.530+0000] {processor.py:161} INFO - Started process (PID=367) to work on /opt/airflow/dags/etl_pipeline.py
[2026-05-22T11:39:49.532+0000] {processor.py:830} INFO - Processing file /opt/airflow/dags/etl_pipeline.py for tasks to queue
[2026-05-22T11:39:49.538+0000] {logging_mixin.py:188} INFO - [2026-05-22T11:39:49.535+0000] {dagbag.py:545} INFO - Filling up the DagBag from /opt/airflow/dags/etl_pipeline.py
[2026-05-22T11:39:49.574+0000] {processor.py:840} INFO - DAG(s) 'etl_consolidation_pipeline' retrieved from /opt/airflow/dags/etl_pipeline.py
[2026-05-22T11:39:49.628+0000] {logging_mixin.py:188} INFO - [2026-05-22T11:39:49.628+0000] {dag.py:3096} INFO - Sync 1 DAGs
[2026-05-22T11:39:49.678+0000] {logging_mixin.py:188} INFO - [2026-05-22T11:39:49.678+0000] {dag.py:3954} INFO - Setting next_dagrun for etl_consolidation_pipeline to 2026-05-21 06:00:00+00:00, run_after=2026-05-22 06:00:00+00:00
[2026-05-22T11:39:49.720+0000] {processor.py:183} INFO - Processing /opt/airflow/dags/etl_pipeline.py took 0.203 seconds
[2026-05-22T11:40:19.940+0000] {processor.py:161} INFO - Started process (PID=372) to work on /opt/airflow/dags/etl_pipeline.py
[2026-05-22T11:40:19.942+0000] {processor.py:830} INFO - Processing file /opt/airflow/dags/etl_pipeline.py for tasks to queue
[2026-05-22T11:40:19.946+0000] {logging_mixin.py:188} INFO - [2026-05-22T11:40:19.946+0000] {dagbag.py:545} INFO - Filling up the DagBag from /opt/airflow/dags/etl_pipeline.py
[2026-05-22T11:40:19.996+0000] {processor.py:840} INFO - DAG(s) 'etl_consolidation_pipeline' retrieved from /opt/airflow/dags/etl_pipeline.py
[2026-05-22T11:40:20.057+0000] {logging_mixin.py:188} INFO - [2026-05-22T11:40:20.056+0000] {dag.py:3096} INFO - Sync 1 DAGs
[2026-05-22T11:40:20.109+0000] {logging_mixin.py:188} INFO - [2026-05-22T11:40:20.109+0000] {dag.py:3954} INFO - Setting next_dagrun for etl_consolidation_pipeline to 2026-05-21 06:00:00+00:00, run_after=2026-05-22 06:00:00+00:00
[2026-05-22T11:40:20.154+0000] {processor.py:183} INFO - Processing /opt/airflow/dags/etl_pipeline.py took 0.227 seconds
[2026-05-22T11:40:50.462+0000] {processor.py:161} INFO - Started process (PID=377) to work on /opt/airflow/dags/etl_pipeline.py
[2026-05-22T11:40:50.464+0000] {processor.py:830} INFO - Processing file /opt/airflow/dags/etl_pipeline.py for tasks to queue
[2026-05-22T11:40:50.468+0000] {logging_mixin.py:188} INFO - [2026-05-22T11:40:50.467+0000] {dagbag.py:545} INFO - Filling up the DagBag from /opt/airflow/dags/etl_pipeline.py
[2026-05-22T11:40:50.511+0000] {processor.py:840} INFO - DAG(s) 'etl_consolidation_pipeline' retrieved from /opt/airflow/dags/etl_pipeline.py
[2026-05-22T11:40:50.609+0000] {logging_mixin.py:188} INFO - [2026-05-22T11:40:50.608+0000] {dag.py:3096} INFO - Sync 1 DAGs
[2026-05-22T11:40:50.682+0000] {logging_mixin.py:188} INFO - [2026-05-22T11:40:50.681+0000] {dag.py:3954} INFO - Setting next_dagrun for etl_consolidation_pipeline to 2026-05-21 06:00:00+00:00, run_after=2026-05-22 06:00:00+00:00
[2026-05-22T11:40:50.737+0000] {processor.py:183} INFO - Processing /opt/airflow/dags/etl_pipeline.py took 0.289 seconds
[2026-05-22T11:41:21.123+0000] {processor.py:161} INFO - Started process (PID=382) to work on /opt/airflow/dags/etl_pipeline.py
[2026-05-22T11:41:21.125+0000] {processor.py:830} INFO - Processing file /opt/airflow/dags/etl_pipeline.py for tasks to queue
[2026-05-22T11:41:21.129+0000] {logging_mixin.py:188} INFO - [2026-05-22T11:41:21.128+0000] {dagbag.py:545} INFO - Filling up the DagBag from /opt/airflow/dags/etl_pipeline.py
[2026-05-22T11:41:21.180+0000] {processor.py:840} INFO - DAG(s) 'etl_consolidation_pipeline' retrieved from /opt/airflow/dags/etl_pipeline.py
[2026-05-22T11:41:21.238+0000] {logging_mixin.py:188} INFO - [2026-05-22T11:41:21.238+0000] {dag.py:3096} INFO - Sync 1 DAGs
[2026-05-22T11:41:21.325+0000] {logging_mixin.py:188} INFO - [2026-05-22T11:41:21.324+0000] {dag.py:3954} INFO - Setting next_dagrun for etl_consolidation_pipeline to 2026-05-21 06:00:00+00:00, run_after=2026-05-22 06:00:00+00:00
[2026-05-22T11:41:21.386+0000] {processor.py:183} INFO - Processing /opt/airflow/dags/etl_pipeline.py took 0.272 seconds
[2026-05-22T11:41:51.755+0000] {processor.py:161} INFO - Started process (PID=387) to work on /opt/airflow/dags/etl_pipeline.py
[2026-05-22T11:41:51.757+0000] {processor.py:830} INFO - Processing file /opt/airflow/dags/etl_pipeline.py for tasks to queue
[2026-05-22T11:41:51.761+0000] {logging_mixin.py:188} INFO - [2026-05-22T11:41:51.760+0000] {dagbag.py:545} INFO - Filling up the DagBag from /opt/airflow/dags/etl_pipeline.py
[2026-05-22T11:41:51.800+0000] {processor.py:840} INFO - DAG(s) 'etl_consolidation_pipeline' retrieved from /opt/airflow/dags/etl_pipeline.py
[2026-05-22T11:41:51.849+0000] {logging_mixin.py:188} INFO - [2026-05-22T11:41:51.849+0000] {dag.py:3096} INFO - Sync 1 DAGs
[2026-05-22T11:41:51.896+0000] {logging_mixin.py:188} INFO - [2026-05-22T11:41:51.896+0000] {dag.py:3954} INFO - Setting next_dagrun for etl_consolidation_pipeline to 2026-05-21 06:00:00+00:00, run_after=2026-05-22 06:00:00+00:00
[2026-05-22T11:41:51.938+0000] {processor.py:183} INFO - Processing /opt/airflow/dags/etl_pipeline.py took 0.198 seconds
[2026-05-22T11:42:22.226+0000] {processor.py:161} INFO - Started process (PID=392) to work on /opt/airflow/dags/etl_pipeline.py
[2026-05-22T11:42:22.228+0000] {processor.py:830} INFO - Processing file /opt/airflow/dags/etl_pipeline.py for tasks to queue
[2026-05-22T11:42:22.231+0000] {logging_mixin.py:188} INFO - [2026-05-22T11:42:22.231+0000] {dagbag.py:545} INFO - Filling up the DagBag from /opt/airflow/dags/etl_pipeline.py
[2026-05-22T11:42:22.269+0000] {processor.py:840} INFO - DAG(s) 'etl_consolidation_pipeline' retrieved from /opt/airflow/dags/etl_pipeline.py
[2026-05-22T11:42:22.323+0000] {logging_mixin.py:188} INFO - [2026-05-22T11:42:22.322+0000] {dag.py:3096} INFO - Sync 1 DAGs
[2026-05-22T11:42:22.363+0000] {logging_mixin.py:188} INFO - [2026-05-22T11:42:22.363+0000] {dag.py:3954} INFO - Setting next_dagrun for etl_consolidation_pipeline to 2026-05-21 06:00:00+00:00, run_after=2026-05-22 06:00:00+00:00
[2026-05-22T11:42:22.402+0000] {processor.py:183} INFO - Processing /opt/airflow/dags/etl_pipeline.py took 0.186 seconds
[2026-05-22T11:42:52.685+0000] {processor.py:161} INFO - Started process (PID=397) to work on /opt/airflow/dags/etl_pipeline.py
[2026-05-22T11:42:52.687+0000] {processor.py:830} INFO - Processing file /opt/airflow/dags/etl_pipeline.py for tasks to queue
[2026-05-22T11:42:52.690+0000] {logging_mixin.py:188} INFO - [2026-05-22T11:42:52.690+0000] {dagbag.py:545} INFO - Filling up the DagBag from /opt/airflow/dags/etl_pipeline.py
[2026-05-22T11:42:52.725+0000] {processor.py:840} INFO - DAG(s) 'etl_consolidation_pipeline' retrieved from /opt/airflow/dags/etl_pipeline.py
[2026-05-22T11:42:52.775+0000] {logging_mixin.py:188} INFO - [2026-05-22T11:42:52.774+0000] {dag.py:3096} INFO - Sync 1 DAGs
[2026-05-22T11:42:52.814+0000] {logging_mixin.py:188} INFO - [2026-05-22T11:42:52.813+0000] {dag.py:3954} INFO - Setting next_dagrun for etl_consolidation_pipeline to 2026-05-21 06:00:00+00:00, run_after=2026-05-22 06:00:00+00:00
[2026-05-22T11:42:52.852+0000] {processor.py:183} INFO - Processing /opt/airflow/dags/etl_pipeline.py took 0.177 seconds
[2026-05-22T11:43:22.991+0000] {processor.py:161} INFO - Started process (PID=402) to work on /opt/airflow/dags/etl_pipeline.py
[2026-05-22T11:43:22.994+0000] {processor.py:830} INFO - Processing file /opt/airflow/dags/etl_pipeline.py for tasks to queue
[2026-05-22T11:43:22.999+0000] {logging_mixin.py:188} INFO - [2026-05-22T11:43:22.998+0000] {dagbag.py:545} INFO - Filling up the DagBag from /opt/airflow/dags/etl_pipeline.py
[2026-05-22T11:43:23.040+0000] {processor.py:840} INFO - DAG(s) 'etl_consolidation_pipeline' retrieved from /opt/airflow/dags/etl_pipeline.py
[2026-05-22T11:43:23.137+0000] {logging_mixin.py:188} INFO - [2026-05-22T11:43:23.136+0000] {dag.py:3096} INFO - Sync 1 DAGs
[2026-05-22T11:43:23.190+0000] {logging_mixin.py:188} INFO - [2026-05-22T11:43:23.189+0000] {dag.py:3954} INFO - Setting next_dagrun for etl_consolidation_pipeline to 2026-05-21 06:00:00+00:00, run_after=2026-05-22 06:00:00+00:00
[2026-05-22T11:43:23.231+0000] {processor.py:183} INFO - Processing /opt/airflow/dags/etl_pipeline.py took 0.256 seconds
[2026-05-22T11:43:53.403+0000] {processor.py:161} INFO - Started process (PID=407) to work on /opt/airflow/dags/etl_pipeline.py
[2026-05-22T11:43:53.405+0000] {processor.py:830} INFO - Processing file /opt/airflow/dags/etl_pipeline.py for tasks to queue
[2026-05-22T11:43:53.408+0000] {logging_mixin.py:188} INFO - [2026-05-22T11:43:53.408+0000] {dagbag.py:545} INFO - Filling up the DagBag from /opt/airflow/dags/etl_pipeline.py
[2026-05-22T11:43:53.448+0000] {processor.py:840} INFO - DAG(s) 'etl_consolidation_pipeline' retrieved from /opt/airflow/dags/etl_pipeline.py
[2026-05-22T11:43:53.505+0000] {logging_mixin.py:188} INFO - [2026-05-22T11:43:53.505+0000] {dag.py:3096} INFO - Sync 1 DAGs
[2026-05-22T11:43:53.550+0000] {logging_mixin.py:188} INFO - [2026-05-22T11:43:53.549+0000] {dag.py:3954} INFO - Setting next_dagrun for etl_consolidation_pipeline to 2026-05-21 06:00:00+00:00, run_after=2026-05-22 06:00:00+00:00
[2026-05-22T11:43:53.586+0000] {processor.py:183} INFO - Processing /opt/airflow/dags/etl_pipeline.py took 0.193 seconds
[2026-05-22T11:44:23.819+0000] {processor.py:161} INFO - Started process (PID=412) to work on /opt/airflow/dags/etl_pipeline.py
[2026-05-22T11:44:23.821+0000] {processor.py:830} INFO - Processing file /opt/airflow/dags/etl_pipeline.py for tasks to queue
[2026-05-22T11:44:23.824+0000] {logging_mixin.py:188} INFO - [2026-05-22T11:44:23.824+0000] {dagbag.py:545} INFO - Filling up the DagBag from /opt/airflow/dags/etl_pipeline.py
[2026-05-22T11:44:23.871+0000] {processor.py:840} INFO - DAG(s) 'etl_consolidation_pipeline' retrieved from /opt/airflow/dags/etl_pipeline.py
[2026-05-22T11:44:23.948+0000] {logging_mixin.py:188} INFO - [2026-05-22T11:44:23.948+0000] {dag.py:3096} INFO - Sync 1 DAGs
[2026-05-22T11:44:24.002+0000] {logging_mixin.py:188} INFO - [2026-05-22T11:44:24.001+0000] {dag.py:3954} INFO - Setting next_dagrun for etl_consolidation_pipeline to 2026-05-21 06:00:00+00:00, run_after=2026-05-22 06:00:00+00:00
[2026-05-22T11:44:24.049+0000] {processor.py:183} INFO - Processing /opt/airflow/dags/etl_pipeline.py took 0.241 seconds
[2026-05-22T11:44:54.198+0000] {processor.py:161} INFO - Started process (PID=417) to work on /opt/airflow/dags/etl_pipeline.py
[2026-05-22T11:44:54.200+0000] {processor.py:830} INFO - Processing file /opt/airflow/dags/etl_pipeline.py for tasks to queue
[2026-05-22T11:44:54.204+0000] {logging_mixin.py:188} INFO - [2026-05-22T11:44:54.203+0000] {dagbag.py:545} INFO - Filling up the DagBag from /opt/airflow/dags/etl_pipeline.py
[2026-05-22T11:44:54.243+0000] {processor.py:840} INFO - DAG(s) 'etl_consolidation_pipeline' retrieved from /opt/airflow/dags/etl_pipeline.py
[2026-05-22T11:44:54.292+0000] {logging_mixin.py:188} INFO - [2026-05-22T11:44:54.291+0000] {dag.py:3096} INFO - Sync 1 DAGs
[2026-05-22T11:44:54.327+0000] {logging_mixin.py:188} INFO - [2026-05-22T11:44:54.327+0000] {dag.py:3954} INFO - Setting next_dagrun for etl_consolidation_pipeline to 2026-05-21 06:00:00+00:00, run_after=2026-05-22 06:00:00+00:00
[2026-05-22T11:44:54.364+0000] {processor.py:183} INFO - Processing /opt/airflow/dags/etl_pipeline.py took 0.176 seconds
[2026-05-22T12:12:44.911+0000] {processor.py:161} INFO - Started process (PID=422) to work on /opt/airflow/dags/etl_pipeline.py
[2026-05-22T12:12:44.942+0000] {processor.py:830} INFO - Processing file /opt/airflow/dags/etl_pipeline.py for tasks to queue
[2026-05-22T12:12:44.966+0000] {logging_mixin.py:188} INFO - [2026-05-22T12:12:44.965+0000] {dagbag.py:545} INFO - Filling up the DagBag from /opt/airflow/dags/etl_pipeline.py
[2026-05-22T12:12:45.213+0000] {processor.py:840} INFO - DAG(s) 'etl_consolidation_pipeline' retrieved from /opt/airflow/dags/etl_pipeline.py
[2026-05-22T12:12:45.388+0000] {logging_mixin.py:188} INFO - [2026-05-22T12:12:45.378+0000] {dag.py:3096} INFO - Sync 1 DAGs
[2026-05-22T12:12:45.537+0000] {logging_mixin.py:188} INFO - [2026-05-22T12:12:45.536+0000] {dag.py:3954} INFO - Setting next_dagrun for etl_consolidation_pipeline to 2026-05-21 06:00:00+00:00, run_after=2026-05-22 06:00:00+00:00
[2026-05-22T12:12:45.709+0000] {processor.py:183} INFO - Processing /opt/airflow/dags/etl_pipeline.py took 0.832 seconds
