[2026-05-27T11:15:48.121+0000] {processor.py:161} INFO - Started process (PID=182) to work on /opt/airflow/dags/etl_pipeline.py
[2026-05-27T11:15:48.136+0000] {processor.py:830} INFO - Processing file /opt/airflow/dags/etl_pipeline.py for tasks to queue
[2026-05-27T11:15:48.156+0000] {logging_mixin.py:188} INFO - [2026-05-27T11:15:48.155+0000] {dagbag.py:545} INFO - Filling up the DagBag from /opt/airflow/dags/etl_pipeline.py
[2026-05-27T11:15:48.378+0000] {processor.py:840} INFO - DAG(s) 'etl_consolidation_pipeline' retrieved from /opt/airflow/dags/etl_pipeline.py
[2026-05-27T11:15:49.456+0000] {logging_mixin.py:188} INFO - [2026-05-27T11:15:49.455+0000] {dag.py:3096} INFO - Sync 1 DAGs
[2026-05-27T11:15:49.513+0000] {logging_mixin.py:188} INFO - [2026-05-27T11:15:49.512+0000] {dag.py:3954} INFO - Setting next_dagrun for etl_consolidation_pipeline to 2026-05-26 06:00:00+00:00, run_after=2026-05-27 06:00:00+00:00
[2026-05-27T11:15:49.576+0000] {processor.py:183} INFO - Processing /opt/airflow/dags/etl_pipeline.py took 1.485 seconds
[2026-05-27T11:16:19.781+0000] {processor.py:161} INFO - Started process (PID=187) to work on /opt/airflow/dags/etl_pipeline.py
[2026-05-27T11:16:19.785+0000] {processor.py:830} INFO - Processing file /opt/airflow/dags/etl_pipeline.py for tasks to queue
[2026-05-27T11:16:19.793+0000] {logging_mixin.py:188} INFO - [2026-05-27T11:16:19.791+0000] {dagbag.py:545} INFO - Filling up the DagBag from /opt/airflow/dags/etl_pipeline.py
[2026-05-27T11:16:19.904+0000] {processor.py:840} INFO - DAG(s) 'etl_consolidation_pipeline' retrieved from /opt/airflow/dags/etl_pipeline.py
[2026-05-27T11:16:20.012+0000] {logging_mixin.py:188} INFO - [2026-05-27T11:16:20.011+0000] {dag.py:3096} INFO - Sync 1 DAGs
[2026-05-27T11:16:20.083+0000] {logging_mixin.py:188} INFO - [2026-05-27T11:16:20.082+0000] {dag.py:3954} INFO - Setting next_dagrun for etl_consolidation_pipeline to 2026-05-26 06:00:00+00:00, run_after=2026-05-27 06:00:00+00:00
[2026-05-27T11:16:20.148+0000] {processor.py:183} INFO - Processing /opt/airflow/dags/etl_pipeline.py took 0.391 seconds
[2026-05-27T11:16:50.424+0000] {processor.py:161} INFO - Started process (PID=192) to work on /opt/airflow/dags/etl_pipeline.py
[2026-05-27T11:16:50.426+0000] {processor.py:830} INFO - Processing file /opt/airflow/dags/etl_pipeline.py for tasks to queue
[2026-05-27T11:16:50.432+0000] {logging_mixin.py:188} INFO - [2026-05-27T11:16:50.431+0000] {dagbag.py:545} INFO - Filling up the DagBag from /opt/airflow/dags/etl_pipeline.py
[2026-05-27T11:16:50.484+0000] {processor.py:840} INFO - DAG(s) 'etl_consolidation_pipeline' retrieved from /opt/airflow/dags/etl_pipeline.py
[2026-05-27T11:16:50.564+0000] {logging_mixin.py:188} INFO - [2026-05-27T11:16:50.564+0000] {dag.py:3096} INFO - Sync 1 DAGs
[2026-05-27T11:16:50.655+0000] {logging_mixin.py:188} INFO - [2026-05-27T11:16:50.654+0000] {dag.py:3954} INFO - Setting next_dagrun for etl_consolidation_pipeline to 2026-05-26 06:00:00+00:00, run_after=2026-05-27 06:00:00+00:00
[2026-05-27T11:16:50.745+0000] {processor.py:183} INFO - Processing /opt/airflow/dags/etl_pipeline.py took 0.338 seconds
[2026-05-27T11:17:21.104+0000] {processor.py:161} INFO - Started process (PID=197) to work on /opt/airflow/dags/etl_pipeline.py
[2026-05-27T11:17:21.106+0000] {processor.py:830} INFO - Processing file /opt/airflow/dags/etl_pipeline.py for tasks to queue
[2026-05-27T11:17:21.111+0000] {logging_mixin.py:188} INFO - [2026-05-27T11:17:21.110+0000] {dagbag.py:545} INFO - Filling up the DagBag from /opt/airflow/dags/etl_pipeline.py
[2026-05-27T11:17:21.168+0000] {processor.py:840} INFO - DAG(s) 'etl_consolidation_pipeline' retrieved from /opt/airflow/dags/etl_pipeline.py
[2026-05-27T11:17:21.238+0000] {logging_mixin.py:188} INFO - [2026-05-27T11:17:21.238+0000] {dag.py:3096} INFO - Sync 1 DAGs
[2026-05-27T11:17:21.295+0000] {logging_mixin.py:188} INFO - [2026-05-27T11:17:21.294+0000] {dag.py:3954} INFO - Setting next_dagrun for etl_consolidation_pipeline to 2026-05-26 06:00:00+00:00, run_after=2026-05-27 06:00:00+00:00
[2026-05-27T11:17:21.344+0000] {processor.py:183} INFO - Processing /opt/airflow/dags/etl_pipeline.py took 0.249 seconds
[2026-05-27T11:17:51.717+0000] {processor.py:161} INFO - Started process (PID=202) to work on /opt/airflow/dags/etl_pipeline.py
[2026-05-27T11:17:51.719+0000] {processor.py:830} INFO - Processing file /opt/airflow/dags/etl_pipeline.py for tasks to queue
[2026-05-27T11:17:51.724+0000] {logging_mixin.py:188} INFO - [2026-05-27T11:17:51.723+0000] {dagbag.py:545} INFO - Filling up the DagBag from /opt/airflow/dags/etl_pipeline.py
[2026-05-27T11:17:51.774+0000] {processor.py:840} INFO - DAG(s) 'etl_consolidation_pipeline' retrieved from /opt/airflow/dags/etl_pipeline.py
[2026-05-27T11:17:51.841+0000] {logging_mixin.py:188} INFO - [2026-05-27T11:17:51.841+0000] {dag.py:3096} INFO - Sync 1 DAGs
[2026-05-27T11:17:51.901+0000] {logging_mixin.py:188} INFO - [2026-05-27T11:17:51.900+0000] {dag.py:3954} INFO - Setting next_dagrun for etl_consolidation_pipeline to 2026-05-26 06:00:00+00:00, run_after=2026-05-27 06:00:00+00:00
[2026-05-27T11:17:51.963+0000] {processor.py:183} INFO - Processing /opt/airflow/dags/etl_pipeline.py took 0.257 seconds
[2026-05-27T11:18:22.294+0000] {processor.py:161} INFO - Started process (PID=207) to work on /opt/airflow/dags/etl_pipeline.py
[2026-05-27T11:18:22.296+0000] {processor.py:830} INFO - Processing file /opt/airflow/dags/etl_pipeline.py for tasks to queue
[2026-05-27T11:18:22.301+0000] {logging_mixin.py:188} INFO - [2026-05-27T11:18:22.300+0000] {dagbag.py:545} INFO - Filling up the DagBag from /opt/airflow/dags/etl_pipeline.py
[2026-05-27T11:18:22.346+0000] {processor.py:840} INFO - DAG(s) 'etl_consolidation_pipeline' retrieved from /opt/airflow/dags/etl_pipeline.py
[2026-05-27T11:18:22.406+0000] {logging_mixin.py:188} INFO - [2026-05-27T11:18:22.405+0000] {dag.py:3096} INFO - Sync 1 DAGs
[2026-05-27T11:18:22.442+0000] {logging_mixin.py:188} INFO - [2026-05-27T11:18:22.442+0000] {dag.py:3954} INFO - Setting next_dagrun for etl_consolidation_pipeline to 2026-05-26 06:00:00+00:00, run_after=2026-05-27 06:00:00+00:00
[2026-05-27T11:18:22.480+0000] {processor.py:183} INFO - Processing /opt/airflow/dags/etl_pipeline.py took 0.202 seconds
[2026-05-27T11:18:52.731+0000] {processor.py:161} INFO - Started process (PID=212) to work on /opt/airflow/dags/etl_pipeline.py
[2026-05-27T11:18:52.735+0000] {processor.py:830} INFO - Processing file /opt/airflow/dags/etl_pipeline.py for tasks to queue
[2026-05-27T11:18:52.743+0000] {logging_mixin.py:188} INFO - [2026-05-27T11:18:52.741+0000] {dagbag.py:545} INFO - Filling up the DagBag from /opt/airflow/dags/etl_pipeline.py
[2026-05-27T11:18:52.816+0000] {processor.py:840} INFO - DAG(s) 'etl_consolidation_pipeline' retrieved from /opt/airflow/dags/etl_pipeline.py
[2026-05-27T11:18:52.942+0000] {logging_mixin.py:188} INFO - [2026-05-27T11:18:52.941+0000] {dag.py:3096} INFO - Sync 1 DAGs
[2026-05-27T11:18:53.047+0000] {logging_mixin.py:188} INFO - [2026-05-27T11:18:53.046+0000] {dag.py:3954} INFO - Setting next_dagrun for etl_consolidation_pipeline to 2026-05-26 06:00:00+00:00, run_after=2026-05-27 06:00:00+00:00
[2026-05-27T11:18:53.114+0000] {processor.py:183} INFO - Processing /opt/airflow/dags/etl_pipeline.py took 0.400 seconds
[2026-05-27T11:19:23.532+0000] {processor.py:161} INFO - Started process (PID=217) to work on /opt/airflow/dags/etl_pipeline.py
[2026-05-27T11:19:23.536+0000] {processor.py:830} INFO - Processing file /opt/airflow/dags/etl_pipeline.py for tasks to queue
[2026-05-27T11:19:23.548+0000] {logging_mixin.py:188} INFO - [2026-05-27T11:19:23.545+0000] {dagbag.py:545} INFO - Filling up the DagBag from /opt/airflow/dags/etl_pipeline.py
[2026-05-27T11:19:23.648+0000] {processor.py:840} INFO - DAG(s) 'etl_consolidation_pipeline' retrieved from /opt/airflow/dags/etl_pipeline.py
[2026-05-27T11:19:23.764+0000] {logging_mixin.py:188} INFO - [2026-05-27T11:19:23.763+0000] {dag.py:3096} INFO - Sync 1 DAGs
[2026-05-27T11:19:23.868+0000] {logging_mixin.py:188} INFO - [2026-05-27T11:19:23.867+0000] {dag.py:3954} INFO - Setting next_dagrun for etl_consolidation_pipeline to 2026-05-26 06:00:00+00:00, run_after=2026-05-27 06:00:00+00:00
[2026-05-27T11:19:23.954+0000] {processor.py:183} INFO - Processing /opt/airflow/dags/etl_pipeline.py took 0.449 seconds
[2026-05-27T11:19:54.347+0000] {processor.py:161} INFO - Started process (PID=222) to work on /opt/airflow/dags/etl_pipeline.py
[2026-05-27T11:19:54.350+0000] {processor.py:830} INFO - Processing file /opt/airflow/dags/etl_pipeline.py for tasks to queue
[2026-05-27T11:19:54.355+0000] {logging_mixin.py:188} INFO - [2026-05-27T11:19:54.354+0000] {dagbag.py:545} INFO - Filling up the DagBag from /opt/airflow/dags/etl_pipeline.py
[2026-05-27T11:19:54.404+0000] {processor.py:840} INFO - DAG(s) 'etl_consolidation_pipeline' retrieved from /opt/airflow/dags/etl_pipeline.py
[2026-05-27T11:19:54.472+0000] {logging_mixin.py:188} INFO - [2026-05-27T11:19:54.471+0000] {dag.py:3096} INFO - Sync 1 DAGs
[2026-05-27T11:19:54.526+0000] {logging_mixin.py:188} INFO - [2026-05-27T11:19:54.526+0000] {dag.py:3954} INFO - Setting next_dagrun for etl_consolidation_pipeline to 2026-05-26 06:00:00+00:00, run_after=2026-05-27 06:00:00+00:00
[2026-05-27T11:19:54.573+0000] {processor.py:183} INFO - Processing /opt/airflow/dags/etl_pipeline.py took 0.243 seconds
[2026-05-27T11:20:24.997+0000] {processor.py:161} INFO - Started process (PID=227) to work on /opt/airflow/dags/etl_pipeline.py
[2026-05-27T11:20:25.000+0000] {processor.py:830} INFO - Processing file /opt/airflow/dags/etl_pipeline.py for tasks to queue
[2026-05-27T11:20:25.006+0000] {logging_mixin.py:188} INFO - [2026-05-27T11:20:25.005+0000] {dagbag.py:545} INFO - Filling up the DagBag from /opt/airflow/dags/etl_pipeline.py
[2026-05-27T11:20:25.073+0000] {processor.py:840} INFO - DAG(s) 'etl_consolidation_pipeline' retrieved from /opt/airflow/dags/etl_pipeline.py
[2026-05-27T11:20:25.170+0000] {logging_mixin.py:188} INFO - [2026-05-27T11:20:25.169+0000] {dag.py:3096} INFO - Sync 1 DAGs
[2026-05-27T11:20:25.231+0000] {logging_mixin.py:188} INFO - [2026-05-27T11:20:25.231+0000] {dag.py:3954} INFO - Setting next_dagrun for etl_consolidation_pipeline to 2026-05-26 06:00:00+00:00, run_after=2026-05-27 06:00:00+00:00
[2026-05-27T11:20:25.278+0000] {processor.py:183} INFO - Processing /opt/airflow/dags/etl_pipeline.py took 0.300 seconds
[2026-05-27T11:20:55.597+0000] {processor.py:161} INFO - Started process (PID=232) to work on /opt/airflow/dags/etl_pipeline.py
[2026-05-27T11:20:55.599+0000] {processor.py:830} INFO - Processing file /opt/airflow/dags/etl_pipeline.py for tasks to queue
[2026-05-27T11:20:55.605+0000] {logging_mixin.py:188} INFO - [2026-05-27T11:20:55.604+0000] {dagbag.py:545} INFO - Filling up the DagBag from /opt/airflow/dags/etl_pipeline.py
[2026-05-27T11:20:55.651+0000] {processor.py:840} INFO - DAG(s) 'etl_consolidation_pipeline' retrieved from /opt/airflow/dags/etl_pipeline.py
[2026-05-27T11:20:55.721+0000] {logging_mixin.py:188} INFO - [2026-05-27T11:20:55.721+0000] {dag.py:3096} INFO - Sync 1 DAGs
[2026-05-27T11:20:55.779+0000] {logging_mixin.py:188} INFO - [2026-05-27T11:20:55.778+0000] {dag.py:3954} INFO - Setting next_dagrun for etl_consolidation_pipeline to 2026-05-26 06:00:00+00:00, run_after=2026-05-27 06:00:00+00:00
[2026-05-27T11:20:55.837+0000] {processor.py:183} INFO - Processing /opt/airflow/dags/etl_pipeline.py took 0.254 seconds
[2026-05-27T11:21:26.160+0000] {processor.py:161} INFO - Started process (PID=237) to work on /opt/airflow/dags/etl_pipeline.py
[2026-05-27T11:21:26.162+0000] {processor.py:830} INFO - Processing file /opt/airflow/dags/etl_pipeline.py for tasks to queue
[2026-05-27T11:21:26.167+0000] {logging_mixin.py:188} INFO - [2026-05-27T11:21:26.166+0000] {dagbag.py:545} INFO - Filling up the DagBag from /opt/airflow/dags/etl_pipeline.py
[2026-05-27T11:21:26.218+0000] {processor.py:840} INFO - DAG(s) 'etl_consolidation_pipeline' retrieved from /opt/airflow/dags/etl_pipeline.py
[2026-05-27T11:21:26.287+0000] {logging_mixin.py:188} INFO - [2026-05-27T11:21:26.286+0000] {dag.py:3096} INFO - Sync 1 DAGs
[2026-05-27T11:21:26.331+0000] {logging_mixin.py:188} INFO - [2026-05-27T11:21:26.331+0000] {dag.py:3954} INFO - Setting next_dagrun for etl_consolidation_pipeline to 2026-05-26 06:00:00+00:00, run_after=2026-05-27 06:00:00+00:00
[2026-05-27T11:21:26.373+0000] {processor.py:183} INFO - Processing /opt/airflow/dags/etl_pipeline.py took 0.223 seconds
[2026-05-27T11:21:56.663+0000] {processor.py:161} INFO - Started process (PID=242) to work on /opt/airflow/dags/etl_pipeline.py
[2026-05-27T11:21:56.665+0000] {processor.py:830} INFO - Processing file /opt/airflow/dags/etl_pipeline.py for tasks to queue
[2026-05-27T11:21:56.670+0000] {logging_mixin.py:188} INFO - [2026-05-27T11:21:56.669+0000] {dagbag.py:545} INFO - Filling up the DagBag from /opt/airflow/dags/etl_pipeline.py
[2026-05-27T11:21:56.715+0000] {processor.py:840} INFO - DAG(s) 'etl_consolidation_pipeline' retrieved from /opt/airflow/dags/etl_pipeline.py
[2026-05-27T11:21:56.785+0000] {logging_mixin.py:188} INFO - [2026-05-27T11:21:56.785+0000] {dag.py:3096} INFO - Sync 1 DAGs
[2026-05-27T11:21:56.835+0000] {logging_mixin.py:188} INFO - [2026-05-27T11:21:56.834+0000] {dag.py:3954} INFO - Setting next_dagrun for etl_consolidation_pipeline to 2026-05-26 06:00:00+00:00, run_after=2026-05-27 06:00:00+00:00
[2026-05-27T11:21:56.875+0000] {processor.py:183} INFO - Processing /opt/airflow/dags/etl_pipeline.py took 0.225 seconds
[2026-05-27T11:22:27.165+0000] {processor.py:161} INFO - Started process (PID=247) to work on /opt/airflow/dags/etl_pipeline.py
[2026-05-27T11:22:27.168+0000] {processor.py:830} INFO - Processing file /opt/airflow/dags/etl_pipeline.py for tasks to queue
[2026-05-27T11:22:27.173+0000] {logging_mixin.py:188} INFO - [2026-05-27T11:22:27.172+0000] {dagbag.py:545} INFO - Filling up the DagBag from /opt/airflow/dags/etl_pipeline.py
[2026-05-27T11:22:27.219+0000] {processor.py:840} INFO - DAG(s) 'etl_consolidation_pipeline' retrieved from /opt/airflow/dags/etl_pipeline.py
[2026-05-27T11:22:27.285+0000] {logging_mixin.py:188} INFO - [2026-05-27T11:22:27.285+0000] {dag.py:3096} INFO - Sync 1 DAGs
[2026-05-27T11:22:27.330+0000] {logging_mixin.py:188} INFO - [2026-05-27T11:22:27.330+0000] {dag.py:3954} INFO - Setting next_dagrun for etl_consolidation_pipeline to 2026-05-26 06:00:00+00:00, run_after=2026-05-27 06:00:00+00:00
[2026-05-27T11:22:27.369+0000] {processor.py:183} INFO - Processing /opt/airflow/dags/etl_pipeline.py took 0.216 seconds
[2026-05-27T11:22:57.700+0000] {processor.py:161} INFO - Started process (PID=252) to work on /opt/airflow/dags/etl_pipeline.py
[2026-05-27T11:22:57.703+0000] {processor.py:830} INFO - Processing file /opt/airflow/dags/etl_pipeline.py for tasks to queue
[2026-05-27T11:22:57.707+0000] {logging_mixin.py:188} INFO - [2026-05-27T11:22:57.706+0000] {dagbag.py:545} INFO - Filling up the DagBag from /opt/airflow/dags/etl_pipeline.py
[2026-05-27T11:22:57.751+0000] {processor.py:840} INFO - DAG(s) 'etl_consolidation_pipeline' retrieved from /opt/airflow/dags/etl_pipeline.py
[2026-05-27T11:22:57.809+0000] {logging_mixin.py:188} INFO - [2026-05-27T11:22:57.809+0000] {dag.py:3096} INFO - Sync 1 DAGs
[2026-05-27T11:22:57.866+0000] {logging_mixin.py:188} INFO - [2026-05-27T11:22:57.865+0000] {dag.py:3954} INFO - Setting next_dagrun for etl_consolidation_pipeline to 2026-05-26 06:00:00+00:00, run_after=2026-05-27 06:00:00+00:00
[2026-05-27T11:22:57.915+0000] {processor.py:183} INFO - Processing /opt/airflow/dags/etl_pipeline.py took 0.230 seconds
[2026-05-27T11:23:28.218+0000] {processor.py:161} INFO - Started process (PID=257) to work on /opt/airflow/dags/etl_pipeline.py
[2026-05-27T11:23:28.220+0000] {processor.py:830} INFO - Processing file /opt/airflow/dags/etl_pipeline.py for tasks to queue
[2026-05-27T11:23:28.224+0000] {logging_mixin.py:188} INFO - [2026-05-27T11:23:28.224+0000] {dagbag.py:545} INFO - Filling up the DagBag from /opt/airflow/dags/etl_pipeline.py
[2026-05-27T11:23:28.274+0000] {processor.py:840} INFO - DAG(s) 'etl_consolidation_pipeline' retrieved from /opt/airflow/dags/etl_pipeline.py
[2026-05-27T11:23:28.335+0000] {logging_mixin.py:188} INFO - [2026-05-27T11:23:28.334+0000] {dag.py:3096} INFO - Sync 1 DAGs
[2026-05-27T11:23:28.379+0000] {logging_mixin.py:188} INFO - [2026-05-27T11:23:28.378+0000] {dag.py:3954} INFO - Setting next_dagrun for etl_consolidation_pipeline to 2026-05-26 06:00:00+00:00, run_after=2026-05-27 06:00:00+00:00
[2026-05-27T11:23:28.417+0000] {processor.py:183} INFO - Processing /opt/airflow/dags/etl_pipeline.py took 0.210 seconds
[2026-05-27T11:23:58.769+0000] {processor.py:161} INFO - Started process (PID=262) to work on /opt/airflow/dags/etl_pipeline.py
[2026-05-27T11:23:58.774+0000] {processor.py:830} INFO - Processing file /opt/airflow/dags/etl_pipeline.py for tasks to queue
[2026-05-27T11:23:58.784+0000] {logging_mixin.py:188} INFO - [2026-05-27T11:23:58.783+0000] {dagbag.py:545} INFO - Filling up the DagBag from /opt/airflow/dags/etl_pipeline.py
[2026-05-27T11:23:58.883+0000] {processor.py:840} INFO - DAG(s) 'etl_consolidation_pipeline' retrieved from /opt/airflow/dags/etl_pipeline.py
[2026-05-27T11:23:59.056+0000] {logging_mixin.py:188} INFO - [2026-05-27T11:23:59.055+0000] {dag.py:3096} INFO - Sync 1 DAGs
[2026-05-27T11:23:59.184+0000] {logging_mixin.py:188} INFO - [2026-05-27T11:23:59.183+0000] {dag.py:3954} INFO - Setting next_dagrun for etl_consolidation_pipeline to 2026-05-26 06:00:00+00:00, run_after=2026-05-27 06:00:00+00:00
[2026-05-27T11:23:59.255+0000] {processor.py:183} INFO - Processing /opt/airflow/dags/etl_pipeline.py took 0.507 seconds
[2026-05-27T11:24:29.565+0000] {processor.py:161} INFO - Started process (PID=267) to work on /opt/airflow/dags/etl_pipeline.py
[2026-05-27T11:24:29.567+0000] {processor.py:830} INFO - Processing file /opt/airflow/dags/etl_pipeline.py for tasks to queue
[2026-05-27T11:24:29.571+0000] {logging_mixin.py:188} INFO - [2026-05-27T11:24:29.570+0000] {dagbag.py:545} INFO - Filling up the DagBag from /opt/airflow/dags/etl_pipeline.py
[2026-05-27T11:24:29.616+0000] {processor.py:840} INFO - DAG(s) 'etl_consolidation_pipeline' retrieved from /opt/airflow/dags/etl_pipeline.py
[2026-05-27T11:24:29.671+0000] {logging_mixin.py:188} INFO - [2026-05-27T11:24:29.671+0000] {dag.py:3096} INFO - Sync 1 DAGs
[2026-05-27T11:24:29.734+0000] {logging_mixin.py:188} INFO - [2026-05-27T11:24:29.734+0000] {dag.py:3954} INFO - Setting next_dagrun for etl_consolidation_pipeline to 2026-05-26 06:00:00+00:00, run_after=2026-05-27 06:00:00+00:00
[2026-05-27T11:24:29.863+0000] {processor.py:183} INFO - Processing /opt/airflow/dags/etl_pipeline.py took 0.309 seconds
[2026-05-27T11:25:00.154+0000] {processor.py:161} INFO - Started process (PID=272) to work on /opt/airflow/dags/etl_pipeline.py
[2026-05-27T11:25:00.156+0000] {processor.py:830} INFO - Processing file /opt/airflow/dags/etl_pipeline.py for tasks to queue
[2026-05-27T11:25:00.160+0000] {logging_mixin.py:188} INFO - [2026-05-27T11:25:00.159+0000] {dagbag.py:545} INFO - Filling up the DagBag from /opt/airflow/dags/etl_pipeline.py
[2026-05-27T11:25:00.202+0000] {processor.py:840} INFO - DAG(s) 'etl_consolidation_pipeline' retrieved from /opt/airflow/dags/etl_pipeline.py
[2026-05-27T11:25:00.269+0000] {logging_mixin.py:188} INFO - [2026-05-27T11:25:00.269+0000] {dag.py:3096} INFO - Sync 1 DAGs
[2026-05-27T11:25:00.321+0000] {logging_mixin.py:188} INFO - [2026-05-27T11:25:00.320+0000] {dag.py:3954} INFO - Setting next_dagrun for etl_consolidation_pipeline to 2026-05-26 06:00:00+00:00, run_after=2026-05-27 06:00:00+00:00
[2026-05-27T11:25:00.370+0000] {processor.py:183} INFO - Processing /opt/airflow/dags/etl_pipeline.py took 0.226 seconds
[2026-05-27T11:25:30.656+0000] {processor.py:161} INFO - Started process (PID=277) to work on /opt/airflow/dags/etl_pipeline.py
[2026-05-27T11:25:30.658+0000] {processor.py:830} INFO - Processing file /opt/airflow/dags/etl_pipeline.py for tasks to queue
[2026-05-27T11:25:30.664+0000] {logging_mixin.py:188} INFO - [2026-05-27T11:25:30.663+0000] {dagbag.py:545} INFO - Filling up the DagBag from /opt/airflow/dags/etl_pipeline.py
[2026-05-27T11:25:30.704+0000] {processor.py:840} INFO - DAG(s) 'etl_consolidation_pipeline' retrieved from /opt/airflow/dags/etl_pipeline.py
[2026-05-27T11:25:30.762+0000] {logging_mixin.py:188} INFO - [2026-05-27T11:25:30.761+0000] {dag.py:3096} INFO - Sync 1 DAGs
[2026-05-27T11:25:30.808+0000] {logging_mixin.py:188} INFO - [2026-05-27T11:25:30.807+0000] {dag.py:3954} INFO - Setting next_dagrun for etl_consolidation_pipeline to 2026-05-26 06:00:00+00:00, run_after=2026-05-27 06:00:00+00:00
[2026-05-27T11:25:30.850+0000] {processor.py:183} INFO - Processing /opt/airflow/dags/etl_pipeline.py took 0.207 seconds
[2026-05-27T11:26:01.100+0000] {processor.py:161} INFO - Started process (PID=282) to work on /opt/airflow/dags/etl_pipeline.py
[2026-05-27T11:26:01.102+0000] {processor.py:830} INFO - Processing file /opt/airflow/dags/etl_pipeline.py for tasks to queue
[2026-05-27T11:26:01.106+0000] {logging_mixin.py:188} INFO - [2026-05-27T11:26:01.105+0000] {dagbag.py:545} INFO - Filling up the DagBag from /opt/airflow/dags/etl_pipeline.py
[2026-05-27T11:26:01.172+0000] {processor.py:840} INFO - DAG(s) 'etl_consolidation_pipeline' retrieved from /opt/airflow/dags/etl_pipeline.py
[2026-05-27T11:26:01.259+0000] {logging_mixin.py:188} INFO - [2026-05-27T11:26:01.258+0000] {dag.py:3096} INFO - Sync 1 DAGs
[2026-05-27T11:26:01.317+0000] {logging_mixin.py:188} INFO - [2026-05-27T11:26:01.316+0000] {dag.py:3954} INFO - Setting next_dagrun for etl_consolidation_pipeline to 2026-05-26 06:00:00+00:00, run_after=2026-05-27 06:00:00+00:00
[2026-05-27T11:26:01.369+0000] {processor.py:183} INFO - Processing /opt/airflow/dags/etl_pipeline.py took 0.279 seconds
[2026-05-27T11:26:31.646+0000] {processor.py:161} INFO - Started process (PID=287) to work on /opt/airflow/dags/etl_pipeline.py
[2026-05-27T11:26:31.648+0000] {processor.py:830} INFO - Processing file /opt/airflow/dags/etl_pipeline.py for tasks to queue
[2026-05-27T11:26:31.652+0000] {logging_mixin.py:188} INFO - [2026-05-27T11:26:31.651+0000] {dagbag.py:545} INFO - Filling up the DagBag from /opt/airflow/dags/etl_pipeline.py
[2026-05-27T11:26:31.695+0000] {processor.py:840} INFO - DAG(s) 'etl_consolidation_pipeline' retrieved from /opt/airflow/dags/etl_pipeline.py
[2026-05-27T11:26:31.760+0000] {logging_mixin.py:188} INFO - [2026-05-27T11:26:31.759+0000] {dag.py:3096} INFO - Sync 1 DAGs
[2026-05-27T11:26:31.809+0000] {logging_mixin.py:188} INFO - [2026-05-27T11:26:31.809+0000] {dag.py:3954} INFO - Setting next_dagrun for etl_consolidation_pipeline to 2026-05-26 06:00:00+00:00, run_after=2026-05-27 06:00:00+00:00
[2026-05-27T11:26:31.852+0000] {processor.py:183} INFO - Processing /opt/airflow/dags/etl_pipeline.py took 0.215 seconds
[2026-05-27T11:27:02.184+0000] {processor.py:161} INFO - Started process (PID=292) to work on /opt/airflow/dags/etl_pipeline.py
[2026-05-27T11:27:02.186+0000] {processor.py:830} INFO - Processing file /opt/airflow/dags/etl_pipeline.py for tasks to queue
[2026-05-27T11:27:02.190+0000] {logging_mixin.py:188} INFO - [2026-05-27T11:27:02.189+0000] {dagbag.py:545} INFO - Filling up the DagBag from /opt/airflow/dags/etl_pipeline.py
[2026-05-27T11:27:02.229+0000] {processor.py:840} INFO - DAG(s) 'etl_consolidation_pipeline' retrieved from /opt/airflow/dags/etl_pipeline.py
[2026-05-27T11:27:02.294+0000] {logging_mixin.py:188} INFO - [2026-05-27T11:27:02.294+0000] {dag.py:3096} INFO - Sync 1 DAGs
[2026-05-27T11:27:02.350+0000] {logging_mixin.py:188} INFO - [2026-05-27T11:27:02.350+0000] {dag.py:3954} INFO - Setting next_dagrun for etl_consolidation_pipeline to 2026-05-26 06:00:00+00:00, run_after=2026-05-27 06:00:00+00:00
[2026-05-27T11:27:02.400+0000] {processor.py:183} INFO - Processing /opt/airflow/dags/etl_pipeline.py took 0.227 seconds
[2026-05-27T11:27:32.710+0000] {processor.py:161} INFO - Started process (PID=297) to work on /opt/airflow/dags/etl_pipeline.py
[2026-05-27T11:27:32.712+0000] {processor.py:830} INFO - Processing file /opt/airflow/dags/etl_pipeline.py for tasks to queue
[2026-05-27T11:27:32.717+0000] {logging_mixin.py:188} INFO - [2026-05-27T11:27:32.716+0000] {dagbag.py:545} INFO - Filling up the DagBag from /opt/airflow/dags/etl_pipeline.py
[2026-05-27T11:27:32.762+0000] {processor.py:840} INFO - DAG(s) 'etl_consolidation_pipeline' retrieved from /opt/airflow/dags/etl_pipeline.py
[2026-05-27T11:27:32.836+0000] {logging_mixin.py:188} INFO - [2026-05-27T11:27:32.836+0000] {dag.py:3096} INFO - Sync 1 DAGs
[2026-05-27T11:27:32.885+0000] {logging_mixin.py:188} INFO - [2026-05-27T11:27:32.884+0000] {dag.py:3954} INFO - Setting next_dagrun for etl_consolidation_pipeline to 2026-05-26 06:00:00+00:00, run_after=2026-05-27 06:00:00+00:00
[2026-05-27T11:27:32.926+0000] {processor.py:183} INFO - Processing /opt/airflow/dags/etl_pipeline.py took 0.229 seconds
[2026-05-27T11:28:03.263+0000] {processor.py:161} INFO - Started process (PID=302) to work on /opt/airflow/dags/etl_pipeline.py
[2026-05-27T11:28:03.266+0000] {processor.py:830} INFO - Processing file /opt/airflow/dags/etl_pipeline.py for tasks to queue
[2026-05-27T11:28:03.271+0000] {logging_mixin.py:188} INFO - [2026-05-27T11:28:03.270+0000] {dagbag.py:545} INFO - Filling up the DagBag from /opt/airflow/dags/etl_pipeline.py
[2026-05-27T11:28:03.322+0000] {processor.py:840} INFO - DAG(s) 'etl_consolidation_pipeline' retrieved from /opt/airflow/dags/etl_pipeline.py
[2026-05-27T11:28:03.391+0000] {logging_mixin.py:188} INFO - [2026-05-27T11:28:03.391+0000] {dag.py:3096} INFO - Sync 1 DAGs
[2026-05-27T11:28:03.444+0000] {logging_mixin.py:188} INFO - [2026-05-27T11:28:03.444+0000] {dag.py:3954} INFO - Setting next_dagrun for etl_consolidation_pipeline to 2026-05-26 06:00:00+00:00, run_after=2026-05-27 06:00:00+00:00
[2026-05-27T11:28:03.490+0000] {processor.py:183} INFO - Processing /opt/airflow/dags/etl_pipeline.py took 0.238 seconds
[2026-05-27T11:28:33.772+0000] {processor.py:161} INFO - Started process (PID=307) to work on /opt/airflow/dags/etl_pipeline.py
[2026-05-27T11:28:33.774+0000] {processor.py:830} INFO - Processing file /opt/airflow/dags/etl_pipeline.py for tasks to queue
[2026-05-27T11:28:33.778+0000] {logging_mixin.py:188} INFO - [2026-05-27T11:28:33.777+0000] {dagbag.py:545} INFO - Filling up the DagBag from /opt/airflow/dags/etl_pipeline.py
[2026-05-27T11:28:33.821+0000] {processor.py:840} INFO - DAG(s) 'etl_consolidation_pipeline' retrieved from /opt/airflow/dags/etl_pipeline.py
[2026-05-27T11:28:33.890+0000] {logging_mixin.py:188} INFO - [2026-05-27T11:28:33.890+0000] {dag.py:3096} INFO - Sync 1 DAGs
[2026-05-27T11:28:33.939+0000] {logging_mixin.py:188} INFO - [2026-05-27T11:28:33.938+0000] {dag.py:3954} INFO - Setting next_dagrun for etl_consolidation_pipeline to 2026-05-26 06:00:00+00:00, run_after=2026-05-27 06:00:00+00:00
[2026-05-27T11:28:33.981+0000] {processor.py:183} INFO - Processing /opt/airflow/dags/etl_pipeline.py took 0.219 seconds
[2026-05-27T11:29:04.103+0000] {processor.py:161} INFO - Started process (PID=312) to work on /opt/airflow/dags/etl_pipeline.py
[2026-05-27T11:29:04.105+0000] {processor.py:830} INFO - Processing file /opt/airflow/dags/etl_pipeline.py for tasks to queue
[2026-05-27T11:29:04.109+0000] {logging_mixin.py:188} INFO - [2026-05-27T11:29:04.108+0000] {dagbag.py:545} INFO - Filling up the DagBag from /opt/airflow/dags/etl_pipeline.py
[2026-05-27T11:29:04.161+0000] {processor.py:840} INFO - DAG(s) 'etl_consolidation_pipeline' retrieved from /opt/airflow/dags/etl_pipeline.py
[2026-05-27T11:29:04.225+0000] {logging_mixin.py:188} INFO - [2026-05-27T11:29:04.225+0000] {dag.py:3096} INFO - Sync 1 DAGs
[2026-05-27T11:29:04.277+0000] {logging_mixin.py:188} INFO - [2026-05-27T11:29:04.276+0000] {dag.py:3954} INFO - Setting next_dagrun for etl_consolidation_pipeline to 2026-05-26 06:00:00+00:00, run_after=2026-05-27 06:00:00+00:00
[2026-05-27T11:29:04.319+0000] {processor.py:183} INFO - Processing /opt/airflow/dags/etl_pipeline.py took 0.228 seconds
[2026-05-27T11:29:34.607+0000] {processor.py:161} INFO - Started process (PID=317) to work on /opt/airflow/dags/etl_pipeline.py
[2026-05-27T11:29:34.608+0000] {processor.py:830} INFO - Processing file /opt/airflow/dags/etl_pipeline.py for tasks to queue
[2026-05-27T11:29:34.612+0000] {logging_mixin.py:188} INFO - [2026-05-27T11:29:34.611+0000] {dagbag.py:545} INFO - Filling up the DagBag from /opt/airflow/dags/etl_pipeline.py
[2026-05-27T11:29:34.655+0000] {processor.py:840} INFO - DAG(s) 'etl_consolidation_pipeline' retrieved from /opt/airflow/dags/etl_pipeline.py
[2026-05-27T11:29:34.721+0000] {logging_mixin.py:188} INFO - [2026-05-27T11:29:34.720+0000] {dag.py:3096} INFO - Sync 1 DAGs
[2026-05-27T11:29:34.768+0000] {logging_mixin.py:188} INFO - [2026-05-27T11:29:34.767+0000] {dag.py:3954} INFO - Setting next_dagrun for etl_consolidation_pipeline to 2026-05-26 06:00:00+00:00, run_after=2026-05-27 06:00:00+00:00
[2026-05-27T11:29:34.807+0000] {processor.py:183} INFO - Processing /opt/airflow/dags/etl_pipeline.py took 0.210 seconds
[2026-05-27T11:30:05.079+0000] {processor.py:161} INFO - Started process (PID=322) to work on /opt/airflow/dags/etl_pipeline.py
[2026-05-27T11:30:05.081+0000] {processor.py:830} INFO - Processing file /opt/airflow/dags/etl_pipeline.py for tasks to queue
[2026-05-27T11:30:05.085+0000] {logging_mixin.py:188} INFO - [2026-05-27T11:30:05.084+0000] {dagbag.py:545} INFO - Filling up the DagBag from /opt/airflow/dags/etl_pipeline.py
[2026-05-27T11:30:05.125+0000] {processor.py:840} INFO - DAG(s) 'etl_consolidation_pipeline' retrieved from /opt/airflow/dags/etl_pipeline.py
[2026-05-27T11:30:05.185+0000] {logging_mixin.py:188} INFO - [2026-05-27T11:30:05.184+0000] {dag.py:3096} INFO - Sync 1 DAGs
[2026-05-27T11:30:05.227+0000] {logging_mixin.py:188} INFO - [2026-05-27T11:30:05.227+0000] {dag.py:3954} INFO - Setting next_dagrun for etl_consolidation_pipeline to 2026-05-26 06:00:00+00:00, run_after=2026-05-27 06:00:00+00:00
[2026-05-27T11:30:05.265+0000] {processor.py:183} INFO - Processing /opt/airflow/dags/etl_pipeline.py took 0.198 seconds
[2026-05-27T11:30:35.528+0000] {processor.py:161} INFO - Started process (PID=327) to work on /opt/airflow/dags/etl_pipeline.py
[2026-05-27T11:30:35.530+0000] {processor.py:830} INFO - Processing file /opt/airflow/dags/etl_pipeline.py for tasks to queue
[2026-05-27T11:30:35.533+0000] {logging_mixin.py:188} INFO - [2026-05-27T11:30:35.533+0000] {dagbag.py:545} INFO - Filling up the DagBag from /opt/airflow/dags/etl_pipeline.py
[2026-05-27T11:30:35.573+0000] {processor.py:840} INFO - DAG(s) 'etl_consolidation_pipeline' retrieved from /opt/airflow/dags/etl_pipeline.py
[2026-05-27T11:30:35.632+0000] {logging_mixin.py:188} INFO - [2026-05-27T11:30:35.632+0000] {dag.py:3096} INFO - Sync 1 DAGs
[2026-05-27T11:30:35.680+0000] {logging_mixin.py:188} INFO - [2026-05-27T11:30:35.680+0000] {dag.py:3954} INFO - Setting next_dagrun for etl_consolidation_pipeline to 2026-05-26 06:00:00+00:00, run_after=2026-05-27 06:00:00+00:00
[2026-05-27T11:30:35.719+0000] {processor.py:183} INFO - Processing /opt/airflow/dags/etl_pipeline.py took 0.202 seconds
[2026-05-27T11:31:06.143+0000] {processor.py:161} INFO - Started process (PID=332) to work on /opt/airflow/dags/etl_pipeline.py
[2026-05-27T11:31:06.145+0000] {processor.py:830} INFO - Processing file /opt/airflow/dags/etl_pipeline.py for tasks to queue
[2026-05-27T11:31:06.149+0000] {logging_mixin.py:188} INFO - [2026-05-27T11:31:06.148+0000] {dagbag.py:545} INFO - Filling up the DagBag from /opt/airflow/dags/etl_pipeline.py
[2026-05-27T11:31:06.185+0000] {processor.py:840} INFO - DAG(s) 'etl_consolidation_pipeline' retrieved from /opt/airflow/dags/etl_pipeline.py
[2026-05-27T11:31:06.253+0000] {logging_mixin.py:188} INFO - [2026-05-27T11:31:06.253+0000] {dag.py:3096} INFO - Sync 1 DAGs
[2026-05-27T11:31:06.296+0000] {logging_mixin.py:188} INFO - [2026-05-27T11:31:06.295+0000] {dag.py:3954} INFO - Setting next_dagrun for etl_consolidation_pipeline to 2026-05-26 06:00:00+00:00, run_after=2026-05-27 06:00:00+00:00
[2026-05-27T11:31:06.337+0000] {processor.py:183} INFO - Processing /opt/airflow/dags/etl_pipeline.py took 0.207 seconds
[2026-05-27T11:31:36.421+0000] {processor.py:161} INFO - Started process (PID=337) to work on /opt/airflow/dags/etl_pipeline.py
[2026-05-27T11:31:36.423+0000] {processor.py:830} INFO - Processing file /opt/airflow/dags/etl_pipeline.py for tasks to queue
[2026-05-27T11:31:36.426+0000] {logging_mixin.py:188} INFO - [2026-05-27T11:31:36.426+0000] {dagbag.py:545} INFO - Filling up the DagBag from /opt/airflow/dags/etl_pipeline.py
[2026-05-27T11:31:36.466+0000] {processor.py:840} INFO - DAG(s) 'etl_consolidation_pipeline' retrieved from /opt/airflow/dags/etl_pipeline.py
[2026-05-27T11:31:36.534+0000] {logging_mixin.py:188} INFO - [2026-05-27T11:31:36.534+0000] {dag.py:3096} INFO - Sync 1 DAGs
[2026-05-27T11:31:36.582+0000] {logging_mixin.py:188} INFO - [2026-05-27T11:31:36.582+0000] {dag.py:3954} INFO - Setting next_dagrun for etl_consolidation_pipeline to 2026-05-26 06:00:00+00:00, run_after=2026-05-27 06:00:00+00:00
[2026-05-27T11:31:36.620+0000] {processor.py:183} INFO - Processing /opt/airflow/dags/etl_pipeline.py took 0.209 seconds
[2026-05-27T11:32:06.847+0000] {processor.py:161} INFO - Started process (PID=342) to work on /opt/airflow/dags/etl_pipeline.py
[2026-05-27T11:32:06.849+0000] {processor.py:830} INFO - Processing file /opt/airflow/dags/etl_pipeline.py for tasks to queue
[2026-05-27T11:32:06.852+0000] {logging_mixin.py:188} INFO - [2026-05-27T11:32:06.852+0000] {dagbag.py:545} INFO - Filling up the DagBag from /opt/airflow/dags/etl_pipeline.py
[2026-05-27T11:32:06.890+0000] {processor.py:840} INFO - DAG(s) 'etl_consolidation_pipeline' retrieved from /opt/airflow/dags/etl_pipeline.py
[2026-05-27T11:32:06.945+0000] {logging_mixin.py:188} INFO - [2026-05-27T11:32:06.944+0000] {dag.py:3096} INFO - Sync 1 DAGs
[2026-05-27T11:32:06.989+0000] {logging_mixin.py:188} INFO - [2026-05-27T11:32:06.988+0000] {dag.py:3954} INFO - Setting next_dagrun for etl_consolidation_pipeline to 2026-05-26 06:00:00+00:00, run_after=2026-05-27 06:00:00+00:00
[2026-05-27T11:32:07.027+0000] {processor.py:183} INFO - Processing /opt/airflow/dags/etl_pipeline.py took 0.190 seconds
